{
"contracts\\CNJ.sol":{"l":{"86":0,"90":0,"91":0,"92":0,"93":0,"94":0,"102":0,"103":0,"104":0,"113":0,"114":0,"115":0,"118":0,"121":0,"122":0,"123":0,"126":0,"127":0,"130":0,"138":0,"142":0,"143":0,"144":0,"146":0,"149":0,"151":0,"152":0,"164":0,"165":0,"166":0,"168":0,"171":0,"179":0,"189":0,"192":0,"193":0,"194":0,"195":0,"197":0,"199":0,"203":0,"207":0,"211":0,"212":0,"213":0,"221":0,"222":0,"223":0,"225":0,"226":0,"231":0,"233":0,"236":0,"237":0,"241":0,"252":0,"260":0,"263":0,"266":0,"267":0,"268":0,"269":0,"270":0,"274":0,"275":0,"283":0,"288":0,"289":0,"290":0,"293":0,"294":0,"297":0,"298":0,"301":0,"302":0,"303":0,"304":0,"305":0,"306":0,"307":0,"309":0,"311":0,"314":0,"318":0,"319":0,"320":0,"322":0,"324":0,"332":0,"336":0,"341":0,"346":0,"351":0,"353":0,"361":0,"362":0,"363":0,"364":0,"367":0,"372":0,"375":0,"376":0,"377":0,"380":0,"385":0,"396":0,"401":0,"405":0,"407":0,"408":0,"411":0,"419":0,"420":0,"428":0,"429":0,"437":0,"438":0,"439":0,"447":0,"448":0,"452":0,"453":0,"456":0},"path":"C:\\Git\\conjure_contracts\\contracts\\CNJ.sol","s":{"1":0,"2":0,"3":0,"4":0,"5":0,"6":0,"7":0,"8":0,"9":0,"10":0,"11":0,"12":0,"13":0,"14":0,"15":0,"16":0,"17":0,"18":0,"19":0,"20":0,"21":0,"22":0,"23":0,"24":0,"25":0,"26":0,"27":0,"28":0,"29":0,"30":0,"31":0,"32":0,"33":0,"34":0,"35":0,"36":0,"37":0,"38":0,"39":0,"40":0,"41":0,"42":0,"43":0,"44":0,"45":0,"46":0,"47":0,"48":0,"49":0,"50":0,"51":0,"52":0,"53":0,"54":0,"55":0,"56":0,"57":0,"58":0,"59":0,"60":0,"61":0,"62":0,"63":0,"64":0,"65":0,"66":0,"67":0,"68":0,"69":0,"70":0,"71":0,"72":0,"73":0,"74":0,"75":0,"76":0,"77":0,"78":0,"79":0,"80":0,"81":0,"82":0,"83":0,"84":0,"85":0,"86":0,"87":0,"88":0,"89":0,"90":0,"91":0,"92":0,"93":0,"94":0,"95":0,"96":0,"97":0,"98":0,"99":0,"100":0,"101":0,"102":0,"103":0,"104":0,"105":0,"106":0,"107":0,"108":0,"109":0,"110":0,"111":0,"112":0,"113":0,"114":0,"115":0,"116":0,"117":0,"118":0,"119":0,"120":0,"121":0,"122":0,"123":0},"b":{"1":[0,0],"2":[0,0],"3":[0,0],"4":[0,0],"5":[0,0],"6":[0,0],"7":[0,0],"8":[0,0],"9":[0,0],"10":[0,0],"11":[0,0],"12":[0,0],"13":[0,0],"14":[0,0],"15":[0,0],"16":[0,0],"17":[0,0],"18":[0,0],"19":[0,0],"20":[0,0],"21":[0,0],"22":[0,0],"23":[0,0],"24":[0,0],"25":[0,0],"26":[0,0],"27":[0,0],"28":[0,0],"29":[0,0],"30":[0,0],"31":[0,0]},"f":{"1":0,"2":0,"3":0,"4":0,"5":0,"6":0,"7":0,"8":0,"9":0,"10":0,"11":0,"12":0,"13":0,"14":0,"15":0,"16":0,"17":0,"18":0,"19":0,"20":0,"21":0,"22":0,"23":0},"fnMap":{"1":{"name":"constructor","line":85,"loc":{"start":{"line":85,"column":4},"end":{"line":95,"column":4}}},"2":{"name":"setMinter","line":101,"loc":{"start":{"line":101,"column":4},"end":{"line":105,"column":4}}},"3":{"name":"mint","line":112,"loc":{"start":{"line":112,"column":4},"end":{"line":131,"column":4}}},"4":{"name":"allowance","line":133,"loc":{"start":{"line":133,"column":4},"end":{"line":139,"column":4}}},"5":{"name":"approve","line":141,"loc":{"start":{"line":141,"column":4},"end":{"line":153,"column":4}}},"6":{"name":"permit","line":155,"loc":{"start":{"line":155,"column":4},"end":{"line":200,"column":4}}},"7":{"name":"balanceOf","line":202,"loc":{"start":{"line":202,"column":4},"end":{"line":204,"column":4}}},"8":{"name":"nonceOf","line":206,"loc":{"start":{"line":206,"column":4},"end":{"line":208,"column":4}}},"9":{"name":"transfer","line":210,"loc":{"start":{"line":210,"column":4},"end":{"line":214,"column":4}}},"10":{"name":"transferFrom","line":216,"loc":{"start":{"line":216,"column":4},"end":{"line":238,"column":4}}},"11":{"name":"delegate","line":240,"loc":{"start":{"line":240,"column":4},"end":{"line":242,"column":4}}},"12":{"name":"delegateBySig","line":244,"loc":{"start":{"line":244,"column":4},"end":{"line":271,"column":4}}},"13":{"name":"getCurrentVotes","line":273,"loc":{"start":{"line":273,"column":4},"end":{"line":276,"column":4}}},"14":{"name":"getPriorVotes","line":278,"loc":{"start":{"line":278,"column":4},"end":{"line":315,"column":4}}},"15":{"name":"_delegate","line":317,"loc":{"start":{"line":317,"column":4},"end":{"line":325,"column":4}}},"16":{"name":"_transferTokens","line":327,"loc":{"start":{"line":327,"column":4},"end":{"line":354,"column":4}}},"17":{"name":"_moveDelegates","line":356,"loc":{"start":{"line":356,"column":4},"end":{"line":388,"column":4}}},"18":{"name":"_writeCheckpoint","line":390,"loc":{"start":{"line":390,"column":4},"end":{"line":412,"column":4}}},"19":{"name":"safe32","line":414,"loc":{"start":{"line":414,"column":4},"end":{"line":421,"column":4}}},"20":{"name":"safe96","line":423,"loc":{"start":{"line":423,"column":4},"end":{"line":430,"column":4}}},"21":{"name":"add96","line":432,"loc":{"start":{"line":432,"column":4},"end":{"line":440,"column":4}}},"22":{"name":"sub96","line":442,"loc":{"start":{"line":442,"column":4},"end":{"line":449,"column":4}}},"23":{"name":"getChainId","line":451,"loc":{"start":{"line":451,"column":4},"end":{"line":457,"column":4}}}},"statementMap":{"1":{"start":{"line":86,"column":8},"end":{"line":86,"column":2620}},"2":{"start":{"line":90,"column":8},"end":{"line":90,"column":46}},"3":{"start":{"line":91,"column":8},"end":{"line":91,"column":55}},"4":{"start":{"line":92,"column":8},"end":{"line":92,"column":23}},"5":{"start":{"line":93,"column":8},"end":{"line":93,"column":46}},"6":{"start":{"line":94,"column":8},"end":{"line":94,"column":49}},"7":{"start":{"line":102,"column":8},"end":{"line":102,"column":101}},"8":{"start":{"line":103,"column":8},"end":{"line":103,"column":43}},"9":{"start":{"line":104,"column":8},"end":{"line":104,"column":23}},"10":{"start":{"line":113,"column":8},"end":{"line":113,"column":75}},"11":{"start":{"line":114,"column":8},"end":{"line":114,"column":92}},"12":{"start":{"line":115,"column":8},"end":{"line":115,"column":83}},"13":{"start":{"line":118,"column":8},"end":{"line":118,"column":83}},"14":{"start":{"line":121,"column":8},"end":{"line":121,"column":78}},"15":{"start":{"line":122,"column":8},"end":{"line":122,"column":111}},"16":{"start":{"line":123,"column":8},"end":{"line":123,"column":104}},"17":{"start":{"line":126,"column":8},"end":{"line":126,"column":91}},"18":{"start":{"line":127,"column":8},"end":{"line":127,"column":46}},"19":{"start":{"line":130,"column":8},"end":{"line":130,"column":57}},"20":{"start":{"line":138,"column":8},"end":{"line":138,"column":43}},"21":{"start":{"line":142,"column":8},"end":{"line":142,"column":21}},"22":{"start":{"line":143,"column":8},"end":{"line":143,"column":4883}},"23":{"start":{"line":144,"column":12},"end":{"line":144,"column":30}},"24":{"start":{"line":146,"column":12},"end":{"line":146,"column":77}},"25":{"start":{"line":149,"column":8},"end":{"line":149,"column":47}},"26":{"start":{"line":151,"column":8},"end":{"line":151,"column":50}},"27":{"start":{"line":152,"column":8},"end":{"line":152,"column":19}},"28":{"start":{"line":164,"column":8},"end":{"line":164,"column":21}},"29":{"start":{"line":165,"column":8},"end":{"line":165,"column":5433}},"30":{"start":{"line":166,"column":12},"end":{"line":166,"column":30}},"31":{"start":{"line":168,"column":12},"end":{"line":168,"column":76}},"32":{"start":{"line":171,"column":8},"end":{"line":171,"column":5620}},"33":{"start":{"line":179,"column":8},"end":{"line":179,"column":5855}},"34":{"start":{"line":189,"column":8},"end":{"line":189,"column":6120}},"35":{"start":{"line":192,"column":8},"end":{"line":192,"column":54}},"36":{"start":{"line":193,"column":8},"end":{"line":193,"column":73}},"37":{"start":{"line":194,"column":8},"end":{"line":194,"column":63}},"38":{"start":{"line":195,"column":8},"end":{"line":195,"column":77}},"39":{"start":{"line":197,"column":8},"end":{"line":197,"column":42}},"40":{"start":{"line":199,"column":8},"end":{"line":199,"column":45}},"41":{"start":{"line":203,"column":8},"end":{"line":203,"column":32}},"42":{"start":{"line":207,"column":8},"end":{"line":207,"column":30}},"43":{"start":{"line":211,"column":8},"end":{"line":211,"column":82}},"44":{"start":{"line":212,"column":8},"end":{"line":212,"column":47}},"45":{"start":{"line":213,"column":8},"end":{"line":213,"column":19}},"46":{"start":{"line":221,"column":8},"end":{"line":221,"column":36}},"47":{"start":{"line":222,"column":8},"end":{"line":222,"column":58}},"48":{"start":{"line":223,"column":8},"end":{"line":223,"column":81}},"49":{"start":{"line":225,"column":8},"end":{"line":225,"column":7428}},"50":{"start":{"line":226,"column":12},"end":{"line":226,"column":7502}},"51":{"start":{"line":231,"column":12},"end":{"line":231,"column":50}},"52":{"start":{"line":233,"column":12},"end":{"line":233,"column":53}},"53":{"start":{"line":236,"column":8},"end":{"line":236,"column":40}},"54":{"start":{"line":237,"column":8},"end":{"line":237,"column":19}},"55":{"start":{"line":241,"column":8},"end":{"line":241,"column":47}},"56":{"start":{"line":252,"column":8},"end":{"line":252,"column":8181}},"57":{"start":{"line":260,"column":8},"end":{"line":260,"column":8416}},"58":{"start":{"line":263,"column":8},"end":{"line":263,"column":8540}},"59":{"start":{"line":266,"column":8},"end":{"line":266,"column":54}},"60":{"start":{"line":267,"column":8},"end":{"line":267,"column":80}},"61":{"start":{"line":268,"column":8},"end":{"line":268,"column":81}},"62":{"start":{"line":269,"column":8},"end":{"line":269,"column":82}},"63":{"start":{"line":270,"column":8},"end":{"line":270,"column":46}},"64":{"start":{"line":274,"column":8},"end":{"line":274,"column":53}},"65":{"start":{"line":275,"column":8},"end":{"line":275,"column":82}},"66":{"start":{"line":283,"column":8},"end":{"line":283,"column":9376}},"67":{"start":{"line":288,"column":8},"end":{"line":288,"column":53}},"68":{"start":{"line":289,"column":8},"end":{"line":289,"column":9559}},"69":{"start":{"line":290,"column":12},"end":{"line":290,"column":20}},"70":{"start":{"line":293,"column":8},"end":{"line":293,"column":9629}},"71":{"start":{"line":294,"column":12},"end":{"line":294,"column":63}},"72":{"start":{"line":297,"column":8},"end":{"line":297,"column":9788}},"73":{"start":{"line":298,"column":12},"end":{"line":298,"column":20}},"74":{"start":{"line":301,"column":8},"end":{"line":301,"column":24}},"75":{"start":{"line":302,"column":8},"end":{"line":302,"column":39}},"76":{"start":{"line":303,"column":8},"end":{"line":303,"column":9957}},"77":{"start":{"line":304,"column":12},"end":{"line":304,"column":55}},"78":{"start":{"line":305,"column":12},"end":{"line":305,"column":63}},"79":{"start":{"line":306,"column":12},"end":{"line":306,"column":10122}},"80":{"start":{"line":307,"column":16},"end":{"line":307,"column":31}},"81":{"start":{"line":308,"column":19},"end":{"line":308,"column":10211}},"82":{"start":{"line":309,"column":16},"end":{"line":309,"column":29}},"83":{"start":{"line":311,"column":16},"end":{"line":311,"column":33}},"84":{"start":{"line":314,"column":8},"end":{"line":314,"column":48}},"85":{"start":{"line":318,"column":8},"end":{"line":318,"column":54}},"86":{"start":{"line":319,"column":8},"end":{"line":319,"column":53}},"87":{"start":{"line":320,"column":8},"end":{"line":320,"column":39}},"88":{"start":{"line":322,"column":8},"end":{"line":322,"column":67}},"89":{"start":{"line":324,"column":8},"end":{"line":324,"column":67}},"90":{"start":{"line":332,"column":8},"end":{"line":332,"column":10927}},"91":{"start":{"line":336,"column":8},"end":{"line":336,"column":11064}},"92":{"start":{"line":341,"column":8},"end":{"line":341,"column":11201}},"93":{"start":{"line":346,"column":8},"end":{"line":346,"column":11363}},"94":{"start":{"line":351,"column":8},"end":{"line":351,"column":39}},"95":{"start":{"line":353,"column":8},"end":{"line":353,"column":61}},"96":{"start":{"line":361,"column":8},"end":{"line":361,"column":11758}},"97":{"start":{"line":362,"column":12},"end":{"line":362,"column":11813}},"98":{"start":{"line":363,"column":16},"end":{"line":363,"column":57}},"99":{"start":{"line":364,"column":16},"end":{"line":364,"column":11925}},"100":{"start":{"line":367,"column":16},"end":{"line":367,"column":12055}},"101":{"start":{"line":372,"column":16},"end":{"line":372,"column":72}},"102":{"start":{"line":375,"column":12},"end":{"line":375,"column":12326}},"103":{"start":{"line":376,"column":16},"end":{"line":376,"column":57}},"104":{"start":{"line":377,"column":16},"end":{"line":377,"column":12438}},"105":{"start":{"line":380,"column":16},"end":{"line":380,"column":12568}},"106":{"start":{"line":385,"column":16},"end":{"line":385,"column":72}},"107":{"start":{"line":396,"column":8},"end":{"line":396,"column":13008}},"108":{"start":{"line":401,"column":8},"end":{"line":401,"column":13153}},"109":{"start":{"line":405,"column":12},"end":{"line":405,"column":68}},"110":{"start":{"line":407,"column":12},"end":{"line":407,"column":83}},"111":{"start":{"line":408,"column":12},"end":{"line":408,"column":55}},"112":{"start":{"line":411,"column":8},"end":{"line":411,"column":64}},"113":{"start":{"line":419,"column":8},"end":{"line":419,"column":39}},"114":{"start":{"line":420,"column":8},"end":{"line":420,"column":24}},"115":{"start":{"line":428,"column":8},"end":{"line":428,"column":39}},"116":{"start":{"line":429,"column":8},"end":{"line":429,"column":24}},"117":{"start":{"line":437,"column":8},"end":{"line":437,"column":24}},"118":{"start":{"line":438,"column":8},"end":{"line":438,"column":36}},"119":{"start":{"line":439,"column":8},"end":{"line":439,"column":16}},"120":{"start":{"line":447,"column":8},"end":{"line":447,"column":36}},"121":{"start":{"line":448,"column":8},"end":{"line":448,"column":20}},"122":{"start":{"line":452,"column":8},"end":{"line":452,"column":23}},"123":{"start":{"line":456,"column":8},"end":{"line":456,"column":22}}},"branchMap":{"1":{"line":86,"type":"if","locations":[{"start":{"line":86,"column":8},"end":{"line":86,"column":8}},{"start":{"line":86,"column":8},"end":{"line":86,"column":8}}]},"2":{"line":102,"type":"if","locations":[{"start":{"line":102,"column":8},"end":{"line":102,"column":8}},{"start":{"line":102,"column":8},"end":{"line":102,"column":8}}]},"3":{"line":113,"type":"if","locations":[{"start":{"line":113,"column":8},"end":{"line":113,"column":8}},{"start":{"line":113,"column":8},"end":{"line":113,"column":8}}]},"4":{"line":114,"type":"if","locations":[{"start":{"line":114,"column":8},"end":{"line":114,"column":8}},{"start":{"line":114,"column":8},"end":{"line":114,"column":8}}]},"5":{"line":115,"type":"if","locations":[{"start":{"line":115,"column":8},"end":{"line":115,"column":8}},{"start":{"line":115,"column":8},"end":{"line":115,"column":8}}]},"6":{"line":122,"type":"if","locations":[{"start":{"line":122,"column":8},"end":{"line":122,"column":8}},{"start":{"line":122,"column":8},"end":{"line":122,"column":8}}]},"7":{"line":143,"type":"if","locations":[{"start":{"line":143,"column":8},"end":{"line":143,"column":8}},{"start":{"line":143,"column":8},"end":{"line":143,"column":8}}]},"8":{"line":165,"type":"if","locations":[{"start":{"line":165,"column":8},"end":{"line":165,"column":8}},{"start":{"line":165,"column":8},"end":{"line":165,"column":8}}]},"9":{"line":193,"type":"if","locations":[{"start":{"line":193,"column":8},"end":{"line":193,"column":8}},{"start":{"line":193,"column":8},"end":{"line":193,"column":8}}]},"10":{"line":194,"type":"if","locations":[{"start":{"line":194,"column":8},"end":{"line":194,"column":8}},{"start":{"line":194,"column":8},"end":{"line":194,"column":8}}]},"11":{"line":195,"type":"if","locations":[{"start":{"line":195,"column":8},"end":{"line":195,"column":8}},{"start":{"line":195,"column":8},"end":{"line":195,"column":8}}]},"12":{"line":225,"type":"if","locations":[{"start":{"line":225,"column":8},"end":{"line":225,"column":8}},{"start":{"line":225,"column":8},"end":{"line":225,"column":8}}]},"13":{"line":267,"type":"if","locations":[{"start":{"line":267,"column":8},"end":{"line":267,"column":8}},{"start":{"line":267,"column":8},"end":{"line":267,"column":8}}]},"14":{"line":268,"type":"if","locations":[{"start":{"line":268,"column":8},"end":{"line":268,"column":8}},{"start":{"line":268,"column":8},"end":{"line":268,"column":8}}]},"15":{"line":269,"type":"if","locations":[{"start":{"line":269,"column":8},"end":{"line":269,"column":8}},{"start":{"line":269,"column":8},"end":{"line":269,"column":8}}]},"16":{"line":283,"type":"if","locations":[{"start":{"line":283,"column":8},"end":{"line":283,"column":8}},{"start":{"line":283,"column":8},"end":{"line":283,"column":8}}]},"17":{"line":289,"type":"if","locations":[{"start":{"line":289,"column":8},"end":{"line":289,"column":8}},{"start":{"line":289,"column":8},"end":{"line":289,"column":8}}]},"18":{"line":293,"type":"if","locations":[{"start":{"line":293,"column":8},"end":{"line":293,"column":8}},{"start":{"line":293,"column":8},"end":{"line":293,"column":8}}]},"19":{"line":297,"type":"if","locations":[{"start":{"line":297,"column":8},"end":{"line":297,"column":8}},{"start":{"line":297,"column":8},"end":{"line":297,"column":8}}]},"20":{"line":306,"type":"if","locations":[{"start":{"line":306,"column":12},"end":{"line":306,"column":12}},{"start":{"line":306,"column":12},"end":{"line":306,"column":12}}]},"21":{"line":308,"type":"if","locations":[{"start":{"line":308,"column":19},"end":{"line":308,"column":19}},{"start":{"line":308,"column":19},"end":{"line":308,"column":19}}]},"22":{"line":332,"type":"if","locations":[{"start":{"line":332,"column":8},"end":{"line":332,"column":8}},{"start":{"line":332,"column":8},"end":{"line":332,"column":8}}]},"23":{"line":336,"type":"if","locations":[{"start":{"line":336,"column":8},"end":{"line":336,"column":8}},{"start":{"line":336,"column":8},"end":{"line":336,"column":8}}]},"24":{"line":361,"type":"if","locations":[{"start":{"line":361,"column":8},"end":{"line":361,"column":8}},{"start":{"line":361,"column":8},"end":{"line":361,"column":8}}]},"25":{"line":362,"type":"if","locations":[{"start":{"line":362,"column":12},"end":{"line":362,"column":12}},{"start":{"line":362,"column":12},"end":{"line":362,"column":12}}]},"26":{"line":375,"type":"if","locations":[{"start":{"line":375,"column":12},"end":{"line":375,"column":12}},{"start":{"line":375,"column":12},"end":{"line":375,"column":12}}]},"27":{"line":401,"type":"if","locations":[{"start":{"line":401,"column":8},"end":{"line":401,"column":8}},{"start":{"line":401,"column":8},"end":{"line":401,"column":8}}]},"28":{"line":419,"type":"if","locations":[{"start":{"line":419,"column":8},"end":{"line":419,"column":8}},{"start":{"line":419,"column":8},"end":{"line":419,"column":8}}]},"29":{"line":428,"type":"if","locations":[{"start":{"line":428,"column":8},"end":{"line":428,"column":8}},{"start":{"line":428,"column":8},"end":{"line":428,"column":8}}]},"30":{"line":438,"type":"if","locations":[{"start":{"line":438,"column":8},"end":{"line":438,"column":8}},{"start":{"line":438,"column":8},"end":{"line":438,"column":8}}]},"31":{"line":447,"type":"if","locations":[{"start":{"line":447,"column":8},"end":{"line":447,"column":8}},{"start":{"line":447,"column":8},"end":{"line":447,"column":8}}]}}},
"contracts\\ConjureFactory.sol":{"l":{"126":34,"127":34,"128":34,"129":34,"130":34,"132":34,"133":34,"135":34,"136":34,"138":34,"173":15,"174":15,"175":15,"178":14,"186":12,"187":12,"188":12,"189":12,"191":12,"194":12,"195":14,"196":14,"197":14,"198":13,"199":13,"200":13,"201":13,"202":13,"203":13,"205":13,"206":13,"210":11,"211":5,"214":11,"215":11,"225":5,"226":4,"236":10,"237":9,"247":9,"248":9,"250":9,"251":9,"261":4,"262":4,"264":4,"265":4,"274":2,"275":1,"276":1,"283":2,"284":1,"294":20,"300":20,"309":32,"310":32,"317":32,"318":32,"320":32,"331":48,"332":48,"333":48,"334":2,"335":2,"336":2,"337":2,"338":2,"339":2,"340":2,"341":2,"344":2,"345":0,"346":2,"347":0,"357":20,"360":20,"361":22,"364":20,"365":1,"368":19,"369":0,"372":19,"382":48,"383":48,"393":0,"394":0,"395":0,"396":0,"397":0,"398":0,"401":0,"412":22,"421":49,"426":48,"427":14,"428":2,"430":12,"434":48,"435":48,"438":48,"439":2,"442":48,"451":49,"453":48,"455":48,"458":50,"459":20,"460":20,"461":20,"464":20,"465":20,"469":20,"470":0,"475":50,"477":0,"479":0,"483":0,"486":0,"492":0,"495":0,"498":0,"499":0,"500":0,"504":0,"505":0,"509":0,"510":0,"514":0,"516":0,"518":0,"519":0,"524":50,"525":30,"526":30,"527":30,"528":30,"530":30,"532":30,"533":0,"535":30,"538":30,"539":30,"541":30,"542":30,"545":30,"546":30,"550":30,"551":20,"556":48,"559":48,"560":29,"563":29,"564":28,"566":28,"569":1,"570":1,"572":1,"573":1,"575":1,"576":1,"577":1,"579":1,"584":19,"602":1,"610":1,"623":0,"630":1,"637":9,"649":1,"650":1,"651":1,"663":0,"678":0,"679":0,"695":0,"696":0,"697":0,"699":0,"700":0,"705":0,"708":0,"709":0,"732":0,"733":0,"735":0,"736":0,"746":1,"747":1,"748":1,"752":1,"753":1,"773":12,"782":3,"805":1,"814":1,"815":1,"824":2,"825":1,"826":1},"path":"C:\\Git\\conjure_contracts\\contracts\\ConjureFactory.sol","s":{"1":34,"2":34,"3":34,"4":34,"5":34,"6":34,"7":34,"8":34,"9":34,"10":34,"11":15,"12":15,"13":15,"14":14,"15":12,"16":12,"17":12,"18":12,"19":12,"20":12,"21":14,"22":14,"23":14,"24":13,"25":13,"26":13,"27":13,"28":13,"29":13,"30":13,"31":13,"32":11,"33":5,"34":11,"35":11,"36":5,"37":4,"38":10,"39":9,"40":9,"41":9,"42":9,"43":9,"44":4,"45":4,"46":4,"47":4,"48":2,"49":1,"50":1,"51":2,"52":1,"53":20,"54":20,"55":32,"56":32,"57":32,"58":32,"59":32,"60":48,"61":48,"62":48,"63":46,"64":2,"65":2,"66":2,"67":2,"68":2,"69":2,"70":2,"71":0,"72":2,"73":0,"74":20,"75":20,"76":22,"77":20,"78":1,"79":19,"80":0,"81":19,"82":48,"83":48,"84":0,"85":0,"86":0,"87":0,"88":0,"89":0,"90":0,"91":0,"92":22,"93":49,"94":48,"95":14,"96":2,"97":12,"98":48,"99":48,"100":48,"101":2,"102":48,"103":49,"104":48,"105":48,"106":50,"107":20,"108":20,"109":20,"110":20,"111":20,"112":20,"113":0,"114":50,"115":0,"116":0,"117":0,"118":0,"119":0,"120":0,"121":0,"122":0,"123":0,"124":0,"125":0,"126":0,"127":0,"128":0,"129":0,"130":0,"131":0,"132":50,"133":30,"134":30,"135":30,"136":30,"137":30,"138":30,"139":0,"140":30,"141":30,"142":30,"143":30,"144":30,"145":30,"146":30,"147":30,"148":20,"149":48,"150":48,"151":29,"152":29,"153":28,"154":28,"155":1,"156":1,"157":1,"158":1,"159":1,"160":1,"161":1,"162":1,"163":19,"164":1,"165":1,"166":0,"167":1,"168":9,"169":1,"170":1,"171":1,"172":0,"173":0,"174":0,"175":0,"176":0,"177":0,"178":0,"179":0,"180":0,"181":0,"182":0,"183":0,"184":0,"185":0,"186":0,"187":1,"188":1,"189":1,"190":1,"191":1,"192":12,"193":3,"194":1,"195":1,"196":1,"197":2,"198":1,"199":1},"b":{"1":[15,0],"2":[15,0],"3":[14,1],"4":[13,0],"5":[5,6],"6":[5,0],"7":[4,1],"8":[9,1],"9":[1,1],"10":[1,1],"11":[46,2],"12":[2,0],"13":[0,2],"14":[0,2],"15":[1,19],"16":[0,19],"17":[0,0],"18":[0,0],"19":[14,34],"20":[2,12],"21":[2,46],"22":[48,1],"23":[20,30],"24":[20,0],"25":[0,20],"26":[0,50],"27":[0,0],"28":[0,0],"29":[0,0],"30":[0,0],"31":[0,0],"32":[30,20],"33":[0,30],"34":[30,0],"35":[30,0],"36":[20,10],"37":[29,19],"38":[28,1],"39":[0,0],"40":[0,0],"41":[0,0],"42":[1,0],"43":[1,0],"44":[1,1]},"f":{"1":34,"2":15,"3":5,"4":10,"5":9,"6":4,"7":2,"8":2,"9":20,"10":32,"11":48,"12":20,"13":48,"14":0,"15":22,"16":49,"17":49,"18":0,"19":1,"20":1,"21":0,"22":1,"23":9,"24":1,"25":0,"26":0,"27":0,"28":0,"29":1,"30":12,"31":3,"32":1,"33":2},"fnMap":{"1":{"name":"constructor","line":117,"loc":{"start":{"line":117,"column":4},"end":{"line":139,"column":4}}},"2":{"name":"init","line":158,"loc":{"start":{"line":158,"column":4},"end":{"line":216,"column":4}}},"3":{"name":"burn","line":224,"loc":{"start":{"line":224,"column":4},"end":{"line":227,"column":4}}},"4":{"name":"mint","line":235,"loc":{"start":{"line":235,"column":4},"end":{"line":238,"column":4}}},"5":{"name":"_internalIssue","line":246,"loc":{"start":{"line":246,"column":4},"end":{"line":252,"column":4}}},"6":{"name":"_internalBurn","line":260,"loc":{"start":{"line":260,"column":4},"end":{"line":266,"column":4}}},"7":{"name":"changeOwner","line":273,"loc":{"start":{"line":273,"column":4},"end":{"line":277,"column":4}}},"8":{"name":"collectFees","line":282,"loc":{"start":{"line":282,"column":4},"end":{"line":285,"column":4}}},"9":{"name":"getLatestPrice","line":293,"loc":{"start":{"line":293,"column":4},"end":{"line":301,"column":4}}},"10":{"name":"getLatestETHUSDPrice","line":308,"loc":{"start":{"line":308,"column":4},"end":{"line":321,"column":4}}},"11":{"name":"quickSort","line":330,"loc":{"start":{"line":330,"column":4},"end":{"line":348,"column":4}}},"12":{"name":"getAverage","line":356,"loc":{"start":{"line":356,"column":4},"end":{"line":373,"column":4}}},"13":{"name":"sort","line":381,"loc":{"start":{"line":381,"column":4},"end":{"line":384,"column":4}}},"14":{"name":"sqrt","line":392,"loc":{"start":{"line":392,"column":4},"end":{"line":404,"column":4}}},"15":{"name":"getLatestPrice","line":411,"loc":{"start":{"line":411,"column":4},"end":{"line":413,"column":4}}},"16":{"name":"getPrice","line":420,"loc":{"start":{"line":420,"column":4},"end":{"line":443,"column":4}}},"17":{"name":"getInternalPrice","line":450,"loc":{"start":{"line":450,"column":4},"end":{"line":585,"column":4}}},"18":{"name":null,"line":594,"loc":{"start":{"line":594,"column":4},"end":{"line":594,"column":33}}},"19":{"name":"name","line":601,"loc":{"start":{"line":601,"column":4},"end":{"line":603,"column":4}}},"20":{"name":"symbol","line":609,"loc":{"start":{"line":609,"column":4},"end":{"line":611,"column":4}}},"21":{"name":"decimals","line":622,"loc":{"start":{"line":622,"column":4},"end":{"line":624,"column":4}}},"22":{"name":"totalSupply","line":629,"loc":{"start":{"line":629,"column":4},"end":{"line":631,"column":4}}},"23":{"name":"balanceOf","line":636,"loc":{"start":{"line":636,"column":4},"end":{"line":638,"column":4}}},"24":{"name":"transfer","line":648,"loc":{"start":{"line":648,"column":4},"end":{"line":652,"column":4}}},"25":{"name":"allowance","line":657,"loc":{"start":{"line":657,"column":4},"end":{"line":664,"column":4}}},"26":{"name":"approve","line":673,"loc":{"start":{"line":673,"column":4},"end":{"line":680,"column":4}}},"27":{"name":"transferFrom","line":694,"loc":{"start":{"line":694,"column":4},"end":{"line":710,"column":4}}},"28":{"name":"_approve","line":725,"loc":{"start":{"line":725,"column":4},"end":{"line":737,"column":4}}},"29":{"name":"_transfer","line":739,"loc":{"start":{"line":739,"column":4},"end":{"line":754,"column":4}}},"30":{"name":"constructor","line":772,"loc":{"start":{"line":772,"column":4},"end":{"line":774,"column":4}}},"31":{"name":"getFactoryOwner","line":781,"loc":{"start":{"line":781,"column":4},"end":{"line":783,"column":4}}},"32":{"name":"ConjureMint","line":795,"loc":{"start":{"line":795,"column":4},"end":{"line":816,"column":4}}},"33":{"name":"newFactoryOwner","line":823,"loc":{"start":{"line":823,"column":4},"end":{"line":827,"column":4}}}},"statementMap":{"1":{"start":{"line":126,"column":8},"end":{"line":126,"column":22}},"2":{"start":{"line":127,"column":8},"end":{"line":127,"column":40}},"3":{"start":{"line":128,"column":8},"end":{"line":128,"column":23}},"4":{"start":{"line":129,"column":8},"end":{"line":129,"column":20}},"5":{"start":{"line":130,"column":8},"end":{"line":130,"column":24}},"6":{"start":{"line":132,"column":8},"end":{"line":132,"column":67}},"7":{"start":{"line":133,"column":8},"end":{"line":133,"column":46}},"8":{"start":{"line":135,"column":8},"end":{"line":135,"column":39}},"9":{"start":{"line":136,"column":8},"end":{"line":136,"column":22}},"10":{"start":{"line":138,"column":8},"end":{"line":138,"column":55}},"11":{"start":{"line":173,"column":8},"end":{"line":173,"column":50}},"12":{"start":{"line":174,"column":8},"end":{"line":174,"column":59}},"13":{"start":{"line":175,"column":8},"end":{"line":175,"column":64}},"14":{"start":{"line":178,"column":8},"end":{"line":178,"column":6330}},"15":{"start":{"line":186,"column":8},"end":{"line":186,"column":30}},"16":{"start":{"line":187,"column":8},"end":{"line":187,"column":44}},"17":{"start":{"line":188,"column":8},"end":{"line":188,"column":39}},"18":{"start":{"line":189,"column":8},"end":{"line":189,"column":26}},"19":{"start":{"line":191,"column":8},"end":{"line":191,"column":29}},"20":{"start":{"line":194,"column":8},"end":{"line":194,"column":6865}},"21":{"start":{"line":195,"column":12},"end":{"line":195,"column":44}},"22":{"start":{"line":196,"column":12},"end":{"line":196,"column":58}},"23":{"start":{"line":197,"column":12},"end":{"line":197,"column":51}},"24":{"start":{"line":198,"column":12},"end":{"line":198,"column":49}},"25":{"start":{"line":199,"column":12},"end":{"line":199,"column":47}},"26":{"start":{"line":200,"column":12},"end":{"line":200,"column":43}},"27":{"start":{"line":201,"column":12},"end":{"line":201,"column":42}},"28":{"start":{"line":202,"column":12},"end":{"line":202,"column":46}},"29":{"start":{"line":203,"column":12},"end":{"line":203,"column":40}},"30":{"start":{"line":205,"column":12},"end":{"line":205,"column":59}},"31":{"start":{"line":206,"column":12},"end":{"line":206,"column":37}},"32":{"start":{"line":210,"column":8},"end":{"line":210,"column":7558}},"33":{"start":{"line":211,"column":12},"end":{"line":211,"column":57}},"34":{"start":{"line":214,"column":8},"end":{"line":214,"column":36}},"35":{"start":{"line":215,"column":8},"end":{"line":215,"column":21}},"36":{"start":{"line":225,"column":8},"end":{"line":225,"column":77}},"37":{"start":{"line":226,"column":8},"end":{"line":226,"column":37}},"38":{"start":{"line":236,"column":8},"end":{"line":236,"column":77}},"39":{"start":{"line":237,"column":8},"end":{"line":237,"column":38}},"40":{"start":{"line":247,"column":8},"end":{"line":247,"column":58}},"41":{"start":{"line":248,"column":8},"end":{"line":248,"column":46}},"42":{"start":{"line":250,"column":8},"end":{"line":250,"column":50}},"43":{"start":{"line":251,"column":8},"end":{"line":251,"column":36}},"44":{"start":{"line":261,"column":8},"end":{"line":261,"column":58}},"45":{"start":{"line":262,"column":8},"end":{"line":262,"column":46}},"46":{"start":{"line":264,"column":8},"end":{"line":264,"column":50}},"47":{"start":{"line":265,"column":8},"end":{"line":265,"column":36}},"48":{"start":{"line":274,"column":8},"end":{"line":274,"column":36}},"49":{"start":{"line":275,"column":8},"end":{"line":275,"column":25}},"50":{"start":{"line":276,"column":8},"end":{"line":276,"column":32}},"51":{"start":{"line":283,"column":8},"end":{"line":283,"column":50}},"52":{"start":{"line":284,"column":8},"end":{"line":284,"column":45}},"53":{"start":{"line":294,"column":8},"end":{"line":294,"column":10360}},"54":{"start":{"line":300,"column":8},"end":{"line":300,"column":20}},"55":{"start":{"line":309,"column":8},"end":{"line":309,"column":63}},"56":{"start":{"line":310,"column":8},"end":{"line":310,"column":10761}},"57":{"start":{"line":317,"column":8},"end":{"line":317,"column":50}},"58":{"start":{"line":318,"column":8},"end":{"line":318,"column":80}},"59":{"start":{"line":320,"column":8},"end":{"line":320,"column":29}},"60":{"start":{"line":331,"column":8},"end":{"line":331,"column":20}},"61":{"start":{"line":332,"column":8},"end":{"line":332,"column":21}},"62":{"start":{"line":333,"column":8},"end":{"line":333,"column":26}},"63":{"start":{"line":333,"column":20},"end":{"line":333,"column":26}},"64":{"start":{"line":334,"column":8},"end":{"line":334,"column":57}},"65":{"start":{"line":335,"column":8},"end":{"line":335,"column":11483}},"66":{"start":{"line":336,"column":12},"end":{"line":336,"column":44}},"67":{"start":{"line":337,"column":12},"end":{"line":337,"column":44}},"68":{"start":{"line":338,"column":12},"end":{"line":338,"column":11611}},"69":{"start":{"line":339,"column":16},"end":{"line":339,"column":74}},"70":{"start":{"line":344,"column":8},"end":{"line":344,"column":11805}},"71":{"start":{"line":345,"column":12},"end":{"line":345,"column":34}},"72":{"start":{"line":346,"column":8},"end":{"line":346,"column":11867}},"73":{"start":{"line":347,"column":12},"end":{"line":347,"column":35}},"74":{"start":{"line":357,"column":8},"end":{"line":357,"column":20}},"75":{"start":{"line":360,"column":8},"end":{"line":360,"column":12241}},"76":{"start":{"line":361,"column":12},"end":{"line":361,"column":24}},"77":{"start":{"line":364,"column":8},"end":{"line":364,"column":12408}},"78":{"start":{"line":365,"column":12},"end":{"line":365,"column":37}},"79":{"start":{"line":368,"column":8},"end":{"line":368,"column":12543}},"80":{"start":{"line":369,"column":12},"end":{"line":369,"column":38}},"81":{"start":{"line":372,"column":8},"end":{"line":372,"column":44}},"82":{"start":{"line":382,"column":8},"end":{"line":382,"column":52}},"83":{"start":{"line":383,"column":8},"end":{"line":383,"column":19}},"84":{"start":{"line":393,"column":8},"end":{"line":393,"column":13378}},"85":{"start":{"line":394,"column":12},"end":{"line":394,"column":16}},"86":{"start":{"line":395,"column":12},"end":{"line":395,"column":35}},"87":{"start":{"line":396,"column":12},"end":{"line":396,"column":13466}},"88":{"start":{"line":397,"column":16},"end":{"line":397,"column":20}},"89":{"start":{"line":398,"column":16},"end":{"line":398,"column":47}},"90":{"start":{"line":400,"column":15},"end":{"line":400,"column":13584}},"91":{"start":{"line":401,"column":12},"end":{"line":401,"column":16}},"92":{"start":{"line":412,"column":8},"end":{"line":412,"column":35}},"93":{"start":{"line":421,"column":8},"end":{"line":421,"column":48}},"94":{"start":{"line":426,"column":8},"end":{"line":426,"column":14446}},"95":{"start":{"line":427,"column":12},"end":{"line":427,"column":14490}},"96":{"start":{"line":428,"column":16},"end":{"line":428,"column":30}},"97":{"start":{"line":430,"column":16},"end":{"line":430,"column":69}},"98":{"start":{"line":434,"column":8},"end":{"line":434,"column":41}},"99":{"start":{"line":435,"column":8},"end":{"line":435,"column":44}},"100":{"start":{"line":438,"column":8},"end":{"line":438,"column":14889}},"101":{"start":{"line":439,"column":12},"end":{"line":439,"column":65}},"102":{"start":{"line":442,"column":8},"end":{"line":442,"column":26}},"103":{"start":{"line":451,"column":8},"end":{"line":451,"column":66}},"104":{"start":{"line":453,"column":8},"end":{"line":453,"column":61}},"105":{"start":{"line":455,"column":8},"end":{"line":455,"column":15457}},"106":{"start":{"line":458,"column":12},"end":{"line":458,"column":15557}},"107":{"start":{"line":459,"column":16},"end":{"line":459,"column":101}},"108":{"start":{"line":460,"column":16},"end":{"line":460,"column":60}},"109":{"start":{"line":461,"column":16},"end":{"line":461,"column":32}},"110":{"start":{"line":464,"column":16},"end":{"line":464,"column":15855}},"111":{"start":{"line":465,"column":20},"end":{"line":465,"column":93}},"112":{"start":{"line":469,"column":16},"end":{"line":469,"column":16111}},"113":{"start":{"line":470,"column":20},"end":{"line":470,"column":64}},"114":{"start":{"line":475,"column":12},"end":{"line":475,"column":16276}},"115":{"start":{"line":477,"column":16},"end":{"line":477,"column":16384}},"116":{"start":{"line":479,"column":20},"end":{"line":479,"column":77}},"117":{"start":{"line":483,"column":16},"end":{"line":483,"column":71}},"118":{"start":{"line":486,"column":16},"end":{"line":486,"column":16873}},"119":{"start":{"line":492,"column":16},"end":{"line":492,"column":69}},"120":{"start":{"line":495,"column":16},"end":{"line":495,"column":85}},"121":{"start":{"line":498,"column":16},"end":{"line":498,"column":17349}},"122":{"start":{"line":499,"column":20},"end":{"line":499,"column":93}},"123":{"start":{"line":500,"column":20},"end":{"line":500,"column":97}},"124":{"start":{"line":504,"column":16},"end":{"line":504,"column":17706}},"125":{"start":{"line":505,"column":20},"end":{"line":505,"column":64}},"126":{"start":{"line":509,"column":16},"end":{"line":509,"column":17870}},"127":{"start":{"line":510,"column":20},"end":{"line":510,"column":66}},"128":{"start":{"line":514,"column":16},"end":{"line":514,"column":18031}},"129":{"start":{"line":516,"column":20},"end":{"line":516,"column":63}},"130":{"start":{"line":518,"column":20},"end":{"line":518,"column":55}},"131":{"start":{"line":519,"column":20},"end":{"line":519,"column":40}},"132":{"start":{"line":524,"column":12},"end":{"line":524,"column":18361}},"133":{"start":{"line":525,"column":16},"end":{"line":525,"column":70}},"134":{"start":{"line":526,"column":16},"end":{"line":526,"column":66}},"135":{"start":{"line":527,"column":16},"end":{"line":527,"column":65}},"136":{"start":{"line":528,"column":16},"end":{"line":528,"column":57}},"137":{"start":{"line":530,"column":16},"end":{"line":530,"column":37}},"138":{"start":{"line":532,"column":16},"end":{"line":532,"column":18734}},"139":{"start":{"line":533,"column":20},"end":{"line":533,"column":39}},"140":{"start":{"line":535,"column":20},"end":{"line":535,"column":94}},"141":{"start":{"line":538,"column":16},"end":{"line":538,"column":99}},"142":{"start":{"line":539,"column":16},"end":{"line":539,"column":52}},"143":{"start":{"line":541,"column":16},"end":{"line":541,"column":54}},"144":{"start":{"line":542,"column":16},"end":{"line":542,"column":32}},"145":{"start":{"line":545,"column":16},"end":{"line":545,"column":19264}},"146":{"start":{"line":546,"column":20},"end":{"line":546,"column":93}},"147":{"start":{"line":550,"column":16},"end":{"line":550,"column":19520}},"148":{"start":{"line":551,"column":20},"end":{"line":551,"column":64}},"149":{"start":{"line":556,"column":8},"end":{"line":556,"column":43}},"150":{"start":{"line":559,"column":8},"end":{"line":559,"column":19752}},"151":{"start":{"line":560,"column":12},"end":{"line":560,"column":43}},"152":{"start":{"line":563,"column":12},"end":{"line":563,"column":19889}},"153":{"start":{"line":564,"column":16},"end":{"line":564,"column":52}},"154":{"start":{"line":566,"column":16},"end":{"line":566,"column":38}},"155":{"start":{"line":569,"column":16},"end":{"line":569,"column":48}},"156":{"start":{"line":570,"column":16},"end":{"line":570,"column":38}},"157":{"start":{"line":572,"column":16},"end":{"line":572,"column":47}},"158":{"start":{"line":573,"column":16},"end":{"line":573,"column":47}},"159":{"start":{"line":575,"column":16},"end":{"line":575,"column":55}},"160":{"start":{"line":576,"column":16},"end":{"line":576,"column":38}},"161":{"start":{"line":577,"column":16},"end":{"line":577,"column":38}},"162":{"start":{"line":579,"column":16},"end":{"line":579,"column":44}},"163":{"start":{"line":584,"column":8},"end":{"line":584,"column":33}},"164":{"start":{"line":602,"column":8},"end":{"line":602,"column":20}},"165":{"start":{"line":610,"column":8},"end":{"line":610,"column":22}},"166":{"start":{"line":623,"column":8},"end":{"line":623,"column":24}},"167":{"start":{"line":630,"column":8},"end":{"line":630,"column":27}},"168":{"start":{"line":637,"column":8},"end":{"line":637,"column":33}},"169":{"start":{"line":649,"column":8},"end":{"line":649,"column":34}},"170":{"start":{"line":650,"column":8},"end":{"line":650,"column":41}},"171":{"start":{"line":651,"column":8},"end":{"line":651,"column":19}},"172":{"start":{"line":663,"column":8},"end":{"line":663,"column":42}},"173":{"start":{"line":678,"column":8},"end":{"line":678,"column":44}},"174":{"start":{"line":679,"column":8},"end":{"line":679,"column":19}},"175":{"start":{"line":695,"column":8},"end":{"line":695,"column":36}},"176":{"start":{"line":696,"column":8},"end":{"line":696,"column":60}},"177":{"start":{"line":697,"column":8},"end":{"line":697,"column":34}},"178":{"start":{"line":699,"column":8},"end":{"line":699,"column":23763}},"179":{"start":{"line":700,"column":12},"end":{"line":700,"column":23838}},"180":{"start":{"line":705,"column":12},"end":{"line":705,"column":51}},"181":{"start":{"line":708,"column":8},"end":{"line":708,"column":34}},"182":{"start":{"line":709,"column":8},"end":{"line":709,"column":19}},"183":{"start":{"line":732,"column":8},"end":{"line":732,"column":75}},"184":{"start":{"line":733,"column":8},"end":{"line":733,"column":75}},"185":{"start":{"line":735,"column":8},"end":{"line":735,"column":43}},"186":{"start":{"line":736,"column":8},"end":{"line":736,"column":45}},"187":{"start":{"line":746,"column":8},"end":{"line":746,"column":77}},"188":{"start":{"line":747,"column":8},"end":{"line":747,"column":78}},"189":{"start":{"line":748,"column":8},"end":{"line":748,"column":25278}},"190":{"start":{"line":752,"column":8},"end":{"line":752,"column":62}},"191":{"start":{"line":753,"column":8},"end":{"line":753,"column":48}},"192":{"start":{"line":773,"column":8},"end":{"line":773,"column":32}},"193":{"start":{"line":782,"column":8},"end":{"line":782,"column":27}},"194":{"start":{"line":805,"column":8},"end":{"line":805,"column":27025}},"195":{"start":{"line":814,"column":8},"end":{"line":814,"column":53}},"196":{"start":{"line":815,"column":8},"end":{"line":815,"column":35}},"197":{"start":{"line":824,"column":8},"end":{"line":824,"column":64}},"198":{"start":{"line":825,"column":8},"end":{"line":825,"column":30}},"199":{"start":{"line":826,"column":8},"end":{"line":826,"column":46}}},"branchMap":{"1":{"line":173,"type":"if","locations":[{"start":{"line":173,"column":8},"end":{"line":173,"column":8}},{"start":{"line":173,"column":8},"end":{"line":173,"column":8}}]},"2":{"line":174,"type":"if","locations":[{"start":{"line":174,"column":8},"end":{"line":174,"column":8}},{"start":{"line":174,"column":8},"end":{"line":174,"column":8}}]},"3":{"line":175,"type":"if","locations":[{"start":{"line":175,"column":8},"end":{"line":175,"column":8}},{"start":{"line":175,"column":8},"end":{"line":175,"column":8}}]},"4":{"line":205,"type":"if","locations":[{"start":{"line":205,"column":12},"end":{"line":205,"column":12}},{"start":{"line":205,"column":12},"end":{"line":205,"column":12}}]},"5":{"line":210,"type":"if","locations":[{"start":{"line":210,"column":8},"end":{"line":210,"column":8}},{"start":{"line":210,"column":8},"end":{"line":210,"column":8}}]},"6":{"line":211,"type":"if","locations":[{"start":{"line":211,"column":12},"end":{"line":211,"column":12}},{"start":{"line":211,"column":12},"end":{"line":211,"column":12}}]},"7":{"line":225,"type":"if","locations":[{"start":{"line":225,"column":8},"end":{"line":225,"column":8}},{"start":{"line":225,"column":8},"end":{"line":225,"column":8}}]},"8":{"line":236,"type":"if","locations":[{"start":{"line":236,"column":8},"end":{"line":236,"column":8}},{"start":{"line":236,"column":8},"end":{"line":236,"column":8}}]},"9":{"line":274,"type":"if","locations":[{"start":{"line":274,"column":8},"end":{"line":274,"column":8}},{"start":{"line":274,"column":8},"end":{"line":274,"column":8}}]},"10":{"line":283,"type":"if","locations":[{"start":{"line":283,"column":8},"end":{"line":283,"column":8}},{"start":{"line":283,"column":8},"end":{"line":283,"column":8}}]},"11":{"line":333,"type":"if","locations":[{"start":{"line":333,"column":8},"end":{"line":333,"column":8}},{"start":{"line":333,"column":8},"end":{"line":333,"column":8}}]},"12":{"line":338,"type":"if","locations":[{"start":{"line":338,"column":12},"end":{"line":338,"column":12}},{"start":{"line":338,"column":12},"end":{"line":338,"column":12}}]},"13":{"line":344,"type":"if","locations":[{"start":{"line":344,"column":8},"end":{"line":344,"column":8}},{"start":{"line":344,"column":8},"end":{"line":344,"column":8}}]},"14":{"line":346,"type":"if","locations":[{"start":{"line":346,"column":8},"end":{"line":346,"column":8}},{"start":{"line":346,"column":8},"end":{"line":346,"column":8}}]},"15":{"line":364,"type":"if","locations":[{"start":{"line":364,"column":8},"end":{"line":364,"column":8}},{"start":{"line":364,"column":8},"end":{"line":364,"column":8}}]},"16":{"line":368,"type":"if","locations":[{"start":{"line":368,"column":8},"end":{"line":368,"column":8}},{"start":{"line":368,"column":8},"end":{"line":368,"column":8}}]},"17":{"line":393,"type":"if","locations":[{"start":{"line":393,"column":8},"end":{"line":393,"column":8}},{"start":{"line":393,"column":8},"end":{"line":393,"column":8}}]},"18":{"line":400,"type":"if","locations":[{"start":{"line":400,"column":15},"end":{"line":400,"column":15}},{"start":{"line":400,"column":15},"end":{"line":400,"column":15}}]},"19":{"line":426,"type":"if","locations":[{"start":{"line":426,"column":8},"end":{"line":426,"column":8}},{"start":{"line":426,"column":8},"end":{"line":426,"column":8}}]},"20":{"line":427,"type":"if","locations":[{"start":{"line":427,"column":12},"end":{"line":427,"column":12}},{"start":{"line":427,"column":12},"end":{"line":427,"column":12}}]},"21":{"line":438,"type":"if","locations":[{"start":{"line":438,"column":8},"end":{"line":438,"column":8}},{"start":{"line":438,"column":8},"end":{"line":438,"column":8}}]},"22":{"line":451,"type":"if","locations":[{"start":{"line":451,"column":8},"end":{"line":451,"column":8}},{"start":{"line":451,"column":8},"end":{"line":451,"column":8}}]},"23":{"line":458,"type":"if","locations":[{"start":{"line":458,"column":12},"end":{"line":458,"column":12}},{"start":{"line":458,"column":12},"end":{"line":458,"column":12}}]},"24":{"line":464,"type":"if","locations":[{"start":{"line":464,"column":16},"end":{"line":464,"column":16}},{"start":{"line":464,"column":16},"end":{"line":464,"column":16}}]},"25":{"line":469,"type":"if","locations":[{"start":{"line":469,"column":16},"end":{"line":469,"column":16}},{"start":{"line":469,"column":16},"end":{"line":469,"column":16}}]},"26":{"line":475,"type":"if","locations":[{"start":{"line":475,"column":12},"end":{"line":475,"column":12}},{"start":{"line":475,"column":12},"end":{"line":475,"column":12}}]},"27":{"line":477,"type":"if","locations":[{"start":{"line":477,"column":16},"end":{"line":477,"column":16}},{"start":{"line":477,"column":16},"end":{"line":477,"column":16}}]},"28":{"line":498,"type":"if","locations":[{"start":{"line":498,"column":16},"end":{"line":498,"column":16}},{"start":{"line":498,"column":16},"end":{"line":498,"column":16}}]},"29":{"line":504,"type":"if","locations":[{"start":{"line":504,"column":16},"end":{"line":504,"column":16}},{"start":{"line":504,"column":16},"end":{"line":504,"column":16}}]},"30":{"line":509,"type":"if","locations":[{"start":{"line":509,"column":16},"end":{"line":509,"column":16}},{"start":{"line":509,"column":16},"end":{"line":509,"column":16}}]},"31":{"line":514,"type":"if","locations":[{"start":{"line":514,"column":16},"end":{"line":514,"column":16}},{"start":{"line":514,"column":16},"end":{"line":514,"column":16}}]},"32":{"line":524,"type":"if","locations":[{"start":{"line":524,"column":12},"end":{"line":524,"column":12}},{"start":{"line":524,"column":12},"end":{"line":524,"column":12}}]},"33":{"line":532,"type":"if","locations":[{"start":{"line":532,"column":16},"end":{"line":532,"column":16}},{"start":{"line":532,"column":16},"end":{"line":532,"column":16}}]},"34":{"line":539,"type":"if","locations":[{"start":{"line":539,"column":16},"end":{"line":539,"column":16}},{"start":{"line":539,"column":16},"end":{"line":539,"column":16}}]},"35":{"line":545,"type":"if","locations":[{"start":{"line":545,"column":16},"end":{"line":545,"column":16}},{"start":{"line":545,"column":16},"end":{"line":545,"column":16}}]},"36":{"line":550,"type":"if","locations":[{"start":{"line":550,"column":16},"end":{"line":550,"column":16}},{"start":{"line":550,"column":16},"end":{"line":550,"column":16}}]},"37":{"line":559,"type":"if","locations":[{"start":{"line":559,"column":8},"end":{"line":559,"column":8}},{"start":{"line":559,"column":8},"end":{"line":559,"column":8}}]},"38":{"line":563,"type":"if","locations":[{"start":{"line":563,"column":12},"end":{"line":563,"column":12}},{"start":{"line":563,"column":12},"end":{"line":563,"column":12}}]},"39":{"line":699,"type":"if","locations":[{"start":{"line":699,"column":8},"end":{"line":699,"column":8}},{"start":{"line":699,"column":8},"end":{"line":699,"column":8}}]},"40":{"line":732,"type":"if","locations":[{"start":{"line":732,"column":8},"end":{"line":732,"column":8}},{"start":{"line":732,"column":8},"end":{"line":732,"column":8}}]},"41":{"line":733,"type":"if","locations":[{"start":{"line":733,"column":8},"end":{"line":733,"column":8}},{"start":{"line":733,"column":8},"end":{"line":733,"column":8}}]},"42":{"line":746,"type":"if","locations":[{"start":{"line":746,"column":8},"end":{"line":746,"column":8}},{"start":{"line":746,"column":8},"end":{"line":746,"column":8}}]},"43":{"line":747,"type":"if","locations":[{"start":{"line":747,"column":8},"end":{"line":747,"column":8}},{"start":{"line":747,"column":8},"end":{"line":747,"column":8}}]},"44":{"line":824,"type":"if","locations":[{"start":{"line":824,"column":8},"end":{"line":824,"column":8}},{"start":{"line":824,"column":8},"end":{"line":824,"column":8}}]}}},
"contracts\\EtherCollateralFactory.sol":{"l":{"109":18,"110":18,"113":18,"116":17,"117":15,"119":13,"120":13,"121":13,"133":3,"136":2,"137":2,"139":1,"140":1,"150":1,"151":1,"152":1,"161":3,"162":2,"163":2,"193":1,"194":1,"195":1,"196":1,"197":1,"198":1,"199":1,"200":1,"210":12,"220":10,"221":10,"223":10,"236":9,"237":9,"239":9,"254":1,"255":1,"275":4,"276":4,"278":4,"279":4,"281":4,"291":1,"293":1,"294":1,"296":1,"297":1,"298":1,"299":1,"303":1,"306":1,"307":1,"310":1,"339":5,"340":5,"341":5,"342":5,"343":5,"344":5,"345":5,"346":5,"358":7,"360":7,"378":11,"380":11,"381":11,"399":11,"401":10,"407":10,"410":10,"414":10,"416":9,"417":9,"418":9,"421":9,"424":9,"435":9,"438":9,"441":9,"444":9,"446":1,"448":1,"449":1,"453":9,"464":3,"475":1,"476":1,"479":1,"482":1,"484":1,"486":1,"489":1,"500":2,"503":2,"506":2,"508":2,"510":2,"513":2,"515":2,"518":1,"521":1,"537":1,"539":1,"542":1,"544":1,"547":1,"550":1,"553":1,"555":1,"572":3,"574":2,"577":2,"579":2,"582":2,"583":2,"585":2,"590":1,"596":1,"599":1,"602":1,"605":1,"608":1,"611":1,"616":1,"619":1,"622":1,"625":1,"628":1,"629":0,"631":0,"638":1,"663":3,"666":3,"669":3,"671":3,"672":3,"674":3,"680":2,"683":2,"686":2,"689":2,"692":2,"703":22,"704":22,"705":59,"706":22,"722":2,"723":2,"724":4,"725":2,"741":4,"742":4,"743":15,"744":4,"745":4,"757":3,"758":3,"759":4,"761":3,"766":3,"776":9,"778":9,"780":9,"791":9,"792":8,"794":1,"804":9,"805":9,"814":20,"864":18,"872":13,"873":13},"path":"C:\\Git\\conjure_contracts\\contracts\\EtherCollateralFactory.sol","s":{"1":18,"2":18,"3":18,"4":17,"5":15,"6":13,"7":13,"8":13,"9":3,"10":2,"11":2,"12":1,"13":1,"14":1,"15":1,"16":1,"17":3,"18":2,"19":2,"20":1,"21":1,"22":1,"23":1,"24":1,"25":1,"26":1,"27":1,"28":12,"29":10,"30":10,"31":10,"32":9,"33":9,"34":9,"35":1,"36":1,"37":4,"38":4,"39":4,"40":4,"41":4,"42":1,"43":1,"44":1,"45":1,"46":1,"47":1,"48":1,"49":1,"50":1,"51":1,"52":5,"53":5,"54":5,"55":5,"56":5,"57":5,"58":5,"59":5,"60":7,"61":7,"62":11,"63":11,"64":11,"65":11,"66":10,"67":10,"68":10,"69":10,"70":9,"71":9,"72":9,"73":9,"74":9,"75":9,"76":9,"77":9,"78":9,"79":1,"80":1,"81":1,"82":9,"83":3,"84":1,"85":1,"86":1,"87":1,"88":1,"89":1,"90":1,"91":2,"92":2,"93":2,"94":2,"95":2,"96":2,"97":2,"98":1,"99":1,"100":1,"101":1,"102":1,"103":1,"104":1,"105":1,"106":1,"107":1,"108":3,"109":2,"110":2,"111":2,"112":2,"113":2,"114":2,"115":1,"116":1,"117":1,"118":1,"119":1,"120":1,"121":1,"122":1,"123":1,"124":1,"125":1,"126":1,"127":0,"128":0,"129":1,"130":3,"131":3,"132":3,"133":3,"134":3,"135":3,"136":2,"137":2,"138":2,"139":2,"140":2,"141":22,"142":22,"143":59,"144":22,"145":2,"146":2,"147":4,"148":2,"149":4,"150":4,"151":15,"152":4,"153":4,"154":3,"155":3,"156":4,"157":3,"158":3,"159":9,"160":9,"161":9,"162":9,"163":8,"164":1,"165":9,"166":9,"167":20,"168":18,"169":13,"170":13},"b":{"1":[17,1],"2":[15,2],"3":[13,2],"4":[2,1],"5":[1,1],"6":[1,0],"7":[2,1],"8":[1,0],"9":[10,1],"10":[10,0],"11":[10,0],"12":[9,1],"13":[9,0],"14":[1,8],"15":[1,0],"16":[1,0],"17":[2,0],"18":[1,1],"19":[1,0],"20":[2,1],"21":[1,1],"22":[0,1],"23":[3,0],"24":[2,1],"25":[22,37],"26":[2,2],"27":[4,11],"28":[3,1],"29":[8,1],"30":[9,0],"31":[9,0]},"f":{"1":18,"2":3,"3":1,"4":3,"5":1,"6":12,"7":10,"8":9,"9":1,"10":4,"11":1,"12":5,"13":7,"14":11,"15":11,"16":3,"17":1,"18":2,"19":1,"20":3,"21":3,"22":22,"23":2,"24":4,"25":3,"26":9,"27":9,"28":9,"29":20,"30":15,"31":18},"fnMap":{"1":{"name":"constructor","line":107,"loc":{"start":{"line":100,"column":4},"end":{"line":122,"column":4}}},"2":{"name":"setIssueFeeRate","line":131,"loc":{"start":{"line":131,"column":4},"end":{"line":141,"column":4}}},"3":{"name":"setAccountLoanLimit","line":149,"loc":{"start":{"line":149,"column":4},"end":{"line":153,"column":4}}},"4":{"name":"setAssetClosed","line":160,"loc":{"start":{"line":160,"column":4},"end":{"line":164,"column":4}}},"5":{"name":"getContractInfo","line":179,"loc":{"start":{"line":179,"column":4},"end":{"line":201,"column":4}}},"6":{"name":"issuanceRatio","line":208,"loc":{"start":{"line":208,"column":4},"end":{"line":211,"column":4}}},"7":{"name":"loanAmountFromCollateral","line":219,"loc":{"start":{"line":219,"column":4},"end":{"line":227,"column":4}}},"8":{"name":"collateralAmountForLoan","line":235,"loc":{"start":{"line":235,"column":4},"end":{"line":243,"column":4}}},"9":{"name":"getMintingFee","line":252,"loc":{"start":{"line":252,"column":4},"end":{"line":256,"column":4}}},"10":{"name":"calculateAmountToLiquidate","line":274,"loc":{"start":{"line":274,"column":4},"end":{"line":282,"column":4}}},"11":{"name":"openLoanIDsByAccount","line":290,"loc":{"start":{"line":290,"column":4},"end":{"line":311,"column":4}}},"12":{"name":"getLoan","line":326,"loc":{"start":{"line":326,"column":4},"end":{"line":347,"column":4}}},"13":{"name":"getLoanCollateralRatio","line":356,"loc":{"start":{"line":356,"column":4},"end":{"line":361,"column":4}}},"14":{"name":"_loanCollateralRatio","line":370,"loc":{"start":{"line":370,"column":4},"end":{"line":382,"column":4}}},"15":{"name":"openLoan","line":396,"loc":{"start":{"line":393,"column":4},"end":{"line":454,"column":4}}},"16":{"name":"closeLoan","line":463,"loc":{"start":{"line":463,"column":4},"end":{"line":465,"column":4}}},"17":{"name":"depositCollateral","line":473,"loc":{"start":{"line":473,"column":4},"end":{"line":490,"column":4}}},"18":{"name":"withdrawCollateral","line":499,"loc":{"start":{"line":499,"column":4},"end":{"line":522,"column":4}}},"19":{"name":"repayLoan","line":531,"loc":{"start":{"line":531,"column":4},"end":{"line":556,"column":4}}},"20":{"name":"liquidateLoan","line":570,"loc":{"start":{"line":566,"column":4},"end":{"line":646,"column":4}}},"21":{"name":"_closeLoan","line":657,"loc":{"start":{"line":657,"column":4},"end":{"line":693,"column":4}}},"22":{"name":"_getLoanFromStorage","line":702,"loc":{"start":{"line":702,"column":4},"end":{"line":709,"column":4}}},"23":{"name":"_updateLoan","line":717,"loc":{"start":{"line":717,"column":4},"end":{"line":728,"column":4}}},"24":{"name":"_updateLoanCollateral","line":737,"loc":{"start":{"line":737,"column":4},"end":{"line":748,"column":4}}},"25":{"name":"_recordLoanClosure","line":755,"loc":{"start":{"line":755,"column":4},"end":{"line":767,"column":4}}},"26":{"name":"_incrementTotalLoansCounter","line":774,"loc":{"start":{"line":774,"column":4},"end":{"line":781,"column":4}}},"27":{"name":"_calculateMintingFee","line":790,"loc":{"start":{"line":790,"column":4},"end":{"line":796,"column":4}}},"28":{"name":"_checkLoanIsOpen","line":803,"loc":{"start":{"line":803,"column":4},"end":{"line":806,"column":4}}},"29":{"name":"syntharb","line":813,"loc":{"start":{"line":813,"column":4},"end":{"line":815,"column":4}}},"30":{"name":"constructor","line":845,"loc":{"start":{"line":845,"column":4},"end":{"line":845,"column":19}}},"31":{"name":"EtherCollateralMint","line":857,"loc":{"start":{"line":857,"column":4},"end":{"line":874,"column":4}}}},"statementMap":{"1":{"start":{"line":109,"column":8},"end":{"line":109,"column":24}},"2":{"start":{"line":110,"column":8},"end":{"line":110,"column":39}},"3":{"start":{"line":113,"column":8},"end":{"line":113,"column":62}},"4":{"start":{"line":116,"column":8},"end":{"line":116,"column":58}},"5":{"start":{"line":117,"column":8},"end":{"line":117,"column":59}},"6":{"start":{"line":119,"column":8},"end":{"line":119,"column":37}},"7":{"start":{"line":120,"column":8},"end":{"line":120,"column":38}},"8":{"start":{"line":121,"column":8},"end":{"line":121,"column":38}},"9":{"start":{"line":133,"column":8},"end":{"line":133,"column":60}},"10":{"start":{"line":136,"column":8},"end":{"line":136,"column":37}},"11":{"start":{"line":137,"column":8},"end":{"line":137,"column":66}},"12":{"start":{"line":139,"column":8},"end":{"line":139,"column":35}},"13":{"start":{"line":140,"column":8},"end":{"line":140,"column":46}},"14":{"start":{"line":150,"column":8},"end":{"line":150,"column":106}},"15":{"start":{"line":151,"column":8},"end":{"line":151,"column":36}},"16":{"start":{"line":152,"column":8},"end":{"line":152,"column":54}},"17":{"start":{"line":161,"column":8},"end":{"line":161,"column":72}},"18":{"start":{"line":162,"column":8},"end":{"line":162,"column":25}},"19":{"start":{"line":163,"column":8},"end":{"line":163,"column":26}},"20":{"start":{"line":193,"column":8},"end":{"line":193,"column":55}},"21":{"start":{"line":194,"column":8},"end":{"line":194,"column":39}},"22":{"start":{"line":195,"column":8},"end":{"line":195,"column":35}},"23":{"start":{"line":196,"column":8},"end":{"line":196,"column":53}},"24":{"start":{"line":197,"column":8},"end":{"line":197,"column":45}},"25":{"start":{"line":198,"column":8},"end":{"line":198,"column":45}},"26":{"start":{"line":199,"column":8},"end":{"line":199,"column":47}},"27":{"start":{"line":200,"column":8},"end":{"line":200,"column":42}},"28":{"start":{"line":210,"column":8},"end":{"line":210,"column":69}},"29":{"start":{"line":220,"column":8},"end":{"line":220,"column":57}},"30":{"start":{"line":221,"column":8},"end":{"line":221,"column":81}},"31":{"start":{"line":223,"column":8},"end":{"line":223,"column":8242}},"32":{"start":{"line":236,"column":8},"end":{"line":236,"column":57}},"33":{"start":{"line":237,"column":8},"end":{"line":237,"column":81}},"34":{"start":{"line":239,"column":8},"end":{"line":239,"column":8902}},"35":{"start":{"line":254,"column":8},"end":{"line":254,"column":81}},"36":{"start":{"line":255,"column":8},"end":{"line":255,"column":35}},"37":{"start":{"line":275,"column":8},"end":{"line":275,"column":42}},"38":{"start":{"line":276,"column":8},"end":{"line":276,"column":37}},"39":{"start":{"line":278,"column":8},"end":{"line":278,"column":72}},"40":{"start":{"line":279,"column":8},"end":{"line":279,"column":82}},"41":{"start":{"line":281,"column":8},"end":{"line":281,"column":46}},"42":{"start":{"line":291,"column":8},"end":{"line":291,"column":74}},"43":{"start":{"line":293,"column":8},"end":{"line":293,"column":72}},"44":{"start":{"line":294,"column":8},"end":{"line":294,"column":28}},"45":{"start":{"line":296,"column":8},"end":{"line":296,"column":11193}},"46":{"start":{"line":297,"column":12},"end":{"line":297,"column":11260}},"47":{"start":{"line":298,"column":16},"end":{"line":298,"column":60}},"48":{"start":{"line":303,"column":8},"end":{"line":303,"column":58}},"49":{"start":{"line":306,"column":8},"end":{"line":306,"column":11593}},"50":{"start":{"line":307,"column":12},"end":{"line":307,"column":39}},"51":{"start":{"line":310,"column":8},"end":{"line":310,"column":22}},"52":{"start":{"line":339,"column":8},"end":{"line":339,"column":81}},"53":{"start":{"line":340,"column":8},"end":{"line":340,"column":34}},"54":{"start":{"line":341,"column":8},"end":{"line":341,"column":52}},"55":{"start":{"line":342,"column":8},"end":{"line":342,"column":40}},"56":{"start":{"line":343,"column":8},"end":{"line":343,"column":42}},"57":{"start":{"line":344,"column":8},"end":{"line":344,"column":32}},"58":{"start":{"line":345,"column":8},"end":{"line":345,"column":40}},"59":{"start":{"line":346,"column":8},"end":{"line":346,"column":39}},"60":{"start":{"line":358,"column":8},"end":{"line":358,"column":81}},"61":{"start":{"line":360,"column":8},"end":{"line":360,"column":65}},"62":{"start":{"line":378,"column":8},"end":{"line":378,"column":117}},"63":{"start":{"line":380,"column":8},"end":{"line":380,"column":112}},"64":{"start":{"line":381,"column":8},"end":{"line":381,"column":89}},"65":{"start":{"line":399,"column":8},"end":{"line":399,"column":44}},"66":{"start":{"line":401,"column":8},"end":{"line":401,"column":14947}},"67":{"start":{"line":407,"column":8},"end":{"line":407,"column":111}},"68":{"start":{"line":410,"column":8},"end":{"line":410,"column":67}},"69":{"start":{"line":414,"column":8},"end":{"line":414,"column":87}},"70":{"start":{"line":416,"column":8},"end":{"line":416,"column":65}},"71":{"start":{"line":417,"column":8},"end":{"line":417,"column":60}},"72":{"start":{"line":418,"column":8},"end":{"line":418,"column":101}},"73":{"start":{"line":421,"column":8},"end":{"line":421,"column":45}},"74":{"start":{"line":424,"column":8},"end":{"line":424,"column":16029}},"75":{"start":{"line":435,"column":8},"end":{"line":435,"column":53}},"76":{"start":{"line":438,"column":8},"end":{"line":438,"column":61}},"77":{"start":{"line":441,"column":8},"end":{"line":441,"column":47}},"78":{"start":{"line":444,"column":8},"end":{"line":444,"column":16764}},"79":{"start":{"line":446,"column":12},"end":{"line":446,"column":48}},"80":{"start":{"line":448,"column":12},"end":{"line":448,"column":92}},"81":{"start":{"line":449,"column":12},"end":{"line":449,"column":48}},"82":{"start":{"line":453,"column":8},"end":{"line":453,"column":57}},"83":{"start":{"line":464,"column":8},"end":{"line":464,"column":44}},"84":{"start":{"line":475,"column":8},"end":{"line":475,"column":67}},"85":{"start":{"line":476,"column":8},"end":{"line":476,"column":70}},"86":{"start":{"line":479,"column":8},"end":{"line":479,"column":79}},"87":{"start":{"line":482,"column":8},"end":{"line":482,"column":34}},"88":{"start":{"line":484,"column":8},"end":{"line":484,"column":75}},"89":{"start":{"line":486,"column":8},"end":{"line":486,"column":56}},"90":{"start":{"line":489,"column":8},"end":{"line":489,"column":77}},"91":{"start":{"line":500,"column":8},"end":{"line":500,"column":79}},"92":{"start":{"line":503,"column":8},"end":{"line":503,"column":82}},"93":{"start":{"line":506,"column":8},"end":{"line":506,"column":34}},"94":{"start":{"line":508,"column":8},"end":{"line":508,"column":80}},"95":{"start":{"line":510,"column":8},"end":{"line":510,"column":92}},"96":{"start":{"line":513,"column":8},"end":{"line":513,"column":74}},"97":{"start":{"line":515,"column":8},"end":{"line":515,"column":108}},"98":{"start":{"line":518,"column":8},"end":{"line":518,"column":42}},"99":{"start":{"line":521,"column":8},"end":{"line":521,"column":96}},"100":{"start":{"line":537,"column":8},"end":{"line":537,"column":103}},"101":{"start":{"line":539,"column":8},"end":{"line":539,"column":93}},"102":{"start":{"line":542,"column":8},"end":{"line":542,"column":34}},"103":{"start":{"line":544,"column":8},"end":{"line":544,"column":72}},"104":{"start":{"line":547,"column":8},"end":{"line":547,"column":48}},"105":{"start":{"line":550,"column":8},"end":{"line":550,"column":62}},"106":{"start":{"line":553,"column":8},"end":{"line":553,"column":46}},"107":{"start":{"line":555,"column":8},"end":{"line":555,"column":85}},"108":{"start":{"line":572,"column":8},"end":{"line":572,"column":103}},"109":{"start":{"line":574,"column":8},"end":{"line":574,"column":93}},"110":{"start":{"line":577,"column":8},"end":{"line":577,"column":34}},"111":{"start":{"line":579,"column":8},"end":{"line":579,"column":92}},"112":{"start":{"line":582,"column":8},"end":{"line":582,"column":57}},"113":{"start":{"line":583,"column":8},"end":{"line":583,"column":81}},"114":{"start":{"line":585,"column":8},"end":{"line":585,"column":94}},"115":{"start":{"line":590,"column":8},"end":{"line":590,"column":22572}},"116":{"start":{"line":596,"column":8},"end":{"line":596,"column":84}},"117":{"start":{"line":599,"column":8},"end":{"line":599,"column":103}},"118":{"start":{"line":602,"column":8},"end":{"line":602,"column":53}},"119":{"start":{"line":605,"column":8},"end":{"line":605,"column":67}},"120":{"start":{"line":608,"column":8},"end":{"line":608,"column":118}},"121":{"start":{"line":611,"column":8},"end":{"line":611,"column":23474}},"122":{"start":{"line":616,"column":8},"end":{"line":616,"column":49}},"123":{"start":{"line":619,"column":8},"end":{"line":619,"column":74}},"124":{"start":{"line":622,"column":8},"end":{"line":622,"column":98}},"125":{"start":{"line":625,"column":8},"end":{"line":625,"column":53}},"126":{"start":{"line":628,"column":8},"end":{"line":628,"column":24258}},"127":{"start":{"line":629,"column":12},"end":{"line":629,"column":64}},"128":{"start":{"line":631,"column":12},"end":{"line":631,"column":24427}},"129":{"start":{"line":638,"column":12},"end":{"line":638,"column":24632}},"130":{"start":{"line":663,"column":8},"end":{"line":663,"column":79}},"131":{"start":{"line":666,"column":8},"end":{"line":666,"column":34}},"132":{"start":{"line":669,"column":8},"end":{"line":669,"column":36}},"133":{"start":{"line":671,"column":8},"end":{"line":671,"column":25596}},"134":{"start":{"line":672,"column":12},"end":{"line":672,"column":54}},"135":{"start":{"line":674,"column":12},"end":{"line":674,"column":25692}},"136":{"start":{"line":680,"column":12},"end":{"line":680,"column":74}},"137":{"start":{"line":683,"column":12},"end":{"line":683,"column":51}},"138":{"start":{"line":686,"column":8},"end":{"line":686,"column":64}},"139":{"start":{"line":689,"column":8},"end":{"line":689,"column":54}},"140":{"start":{"line":692,"column":8},"end":{"line":692,"column":40}},"141":{"start":{"line":703,"column":8},"end":{"line":703,"column":73}},"142":{"start":{"line":704,"column":8},"end":{"line":704,"column":26857}},"143":{"start":{"line":705,"column":12},"end":{"line":705,"column":26924}},"144":{"start":{"line":706,"column":16},"end":{"line":706,"column":40}},"145":{"start":{"line":722,"column":8},"end":{"line":722,"column":85}},"146":{"start":{"line":723,"column":8},"end":{"line":723,"column":27528}},"147":{"start":{"line":724,"column":12},"end":{"line":724,"column":27595}},"148":{"start":{"line":725,"column":16},"end":{"line":725,"column":56}},"149":{"start":{"line":741,"column":8},"end":{"line":741,"column":85}},"150":{"start":{"line":742,"column":8},"end":{"line":742,"column":28357}},"151":{"start":{"line":743,"column":12},"end":{"line":743,"column":28424}},"152":{"start":{"line":744,"column":16},"end":{"line":744,"column":68}},"153":{"start":{"line":745,"column":16},"end":{"line":745,"column":40}},"154":{"start":{"line":757,"column":8},"end":{"line":757,"column":84}},"155":{"start":{"line":758,"column":8},"end":{"line":758,"column":28993}},"156":{"start":{"line":759,"column":12},"end":{"line":759,"column":29060}},"157":{"start":{"line":761,"column":16},"end":{"line":761,"column":57}},"158":{"start":{"line":766,"column":8},"end":{"line":766,"column":53}},"159":{"start":{"line":776,"column":8},"end":{"line":776,"column":53}},"160":{"start":{"line":778,"column":8},"end":{"line":778,"column":51}},"161":{"start":{"line":780,"column":8},"end":{"line":780,"column":32}},"162":{"start":{"line":791,"column":8},"end":{"line":791,"column":30340}},"163":{"start":{"line":792,"column":12},"end":{"line":792,"column":25}},"164":{"start":{"line":794,"column":12},"end":{"line":794,"column":105}},"165":{"start":{"line":804,"column":8},"end":{"line":804,"column":60}},"166":{"start":{"line":805,"column":8},"end":{"line":805,"column":65}},"167":{"start":{"line":814,"column":8},"end":{"line":814,"column":33}},"168":{"start":{"line":864,"column":8},"end":{"line":864,"column":33127}},"169":{"start":{"line":872,"column":8},"end":{"line":872,"column":61}},"170":{"start":{"line":873,"column":8},"end":{"line":873,"column":35}}},"branchMap":{"1":{"line":113,"type":"if","locations":[{"start":{"line":113,"column":8},"end":{"line":113,"column":8}},{"start":{"line":113,"column":8},"end":{"line":113,"column":8}}]},"2":{"line":116,"type":"if","locations":[{"start":{"line":116,"column":8},"end":{"line":116,"column":8}},{"start":{"line":116,"column":8},"end":{"line":116,"column":8}}]},"3":{"line":117,"type":"if","locations":[{"start":{"line":117,"column":8},"end":{"line":117,"column":8}},{"start":{"line":117,"column":8},"end":{"line":117,"column":8}}]},"4":{"line":133,"type":"if","locations":[{"start":{"line":133,"column":8},"end":{"line":133,"column":8}},{"start":{"line":133,"column":8},"end":{"line":133,"column":8}}]},"5":{"line":137,"type":"if","locations":[{"start":{"line":137,"column":8},"end":{"line":137,"column":8}},{"start":{"line":137,"column":8},"end":{"line":137,"column":8}}]},"6":{"line":150,"type":"if","locations":[{"start":{"line":150,"column":8},"end":{"line":150,"column":8}},{"start":{"line":150,"column":8},"end":{"line":150,"column":8}}]},"7":{"line":161,"type":"if","locations":[{"start":{"line":161,"column":8},"end":{"line":161,"column":8}},{"start":{"line":161,"column":8},"end":{"line":161,"column":8}}]},"8":{"line":297,"type":"if","locations":[{"start":{"line":297,"column":12},"end":{"line":297,"column":12}},{"start":{"line":297,"column":12},"end":{"line":297,"column":12}}]},"9":{"line":399,"type":"if","locations":[{"start":{"line":399,"column":8},"end":{"line":399,"column":8}},{"start":{"line":399,"column":8},"end":{"line":399,"column":8}}]},"10":{"line":401,"type":"if","locations":[{"start":{"line":401,"column":8},"end":{"line":401,"column":8}},{"start":{"line":401,"column":8},"end":{"line":401,"column":8}}]},"11":{"line":407,"type":"if","locations":[{"start":{"line":407,"column":8},"end":{"line":407,"column":8}},{"start":{"line":407,"column":8},"end":{"line":407,"column":8}}]},"12":{"line":414,"type":"if","locations":[{"start":{"line":414,"column":8},"end":{"line":414,"column":8}},{"start":{"line":414,"column":8},"end":{"line":414,"column":8}}]},"13":{"line":418,"type":"if","locations":[{"start":{"line":418,"column":8},"end":{"line":418,"column":8}},{"start":{"line":418,"column":8},"end":{"line":418,"column":8}}]},"14":{"line":444,"type":"if","locations":[{"start":{"line":444,"column":8},"end":{"line":444,"column":8}},{"start":{"line":444,"column":8},"end":{"line":444,"column":8}}]},"15":{"line":475,"type":"if","locations":[{"start":{"line":475,"column":8},"end":{"line":475,"column":8}},{"start":{"line":475,"column":8},"end":{"line":475,"column":8}}]},"16":{"line":476,"type":"if","locations":[{"start":{"line":476,"column":8},"end":{"line":476,"column":8}},{"start":{"line":476,"column":8},"end":{"line":476,"column":8}}]},"17":{"line":500,"type":"if","locations":[{"start":{"line":500,"column":8},"end":{"line":500,"column":8}},{"start":{"line":500,"column":8},"end":{"line":500,"column":8}}]},"18":{"line":515,"type":"if","locations":[{"start":{"line":515,"column":8},"end":{"line":515,"column":8}},{"start":{"line":515,"column":8},"end":{"line":515,"column":8}}]},"19":{"line":537,"type":"if","locations":[{"start":{"line":537,"column":8},"end":{"line":537,"column":8}},{"start":{"line":537,"column":8},"end":{"line":537,"column":8}}]},"20":{"line":572,"type":"if","locations":[{"start":{"line":572,"column":8},"end":{"line":572,"column":8}},{"start":{"line":572,"column":8},"end":{"line":572,"column":8}}]},"21":{"line":585,"type":"if","locations":[{"start":{"line":585,"column":8},"end":{"line":585,"column":8}},{"start":{"line":585,"column":8},"end":{"line":585,"column":8}}]},"22":{"line":628,"type":"if","locations":[{"start":{"line":628,"column":8},"end":{"line":628,"column":8}},{"start":{"line":628,"column":8},"end":{"line":628,"column":8}}]},"23":{"line":671,"type":"if","locations":[{"start":{"line":671,"column":8},"end":{"line":671,"column":8}},{"start":{"line":671,"column":8},"end":{"line":671,"column":8}}]},"24":{"line":674,"type":"if","locations":[{"start":{"line":674,"column":12},"end":{"line":674,"column":12}},{"start":{"line":674,"column":12},"end":{"line":674,"column":12}}]},"25":{"line":705,"type":"if","locations":[{"start":{"line":705,"column":12},"end":{"line":705,"column":12}},{"start":{"line":705,"column":12},"end":{"line":705,"column":12}}]},"26":{"line":724,"type":"if","locations":[{"start":{"line":724,"column":12},"end":{"line":724,"column":12}},{"start":{"line":724,"column":12},"end":{"line":724,"column":12}}]},"27":{"line":743,"type":"if","locations":[{"start":{"line":743,"column":12},"end":{"line":743,"column":12}},{"start":{"line":743,"column":12},"end":{"line":743,"column":12}}]},"28":{"line":759,"type":"if","locations":[{"start":{"line":759,"column":12},"end":{"line":759,"column":12}},{"start":{"line":759,"column":12},"end":{"line":759,"column":12}}]},"29":{"line":791,"type":"if","locations":[{"start":{"line":791,"column":8},"end":{"line":791,"column":8}},{"start":{"line":791,"column":8},"end":{"line":791,"column":8}}]},"30":{"line":804,"type":"if","locations":[{"start":{"line":804,"column":8},"end":{"line":804,"column":8}},{"start":{"line":804,"column":8},"end":{"line":804,"column":8}}]},"31":{"line":805,"type":"if","locations":[{"start":{"line":805,"column":8},"end":{"line":805,"column":8}},{"start":{"line":805,"column":8},"end":{"line":805,"column":8}}]}}},
"contracts\\interfaces\\IConjure.sol":{"l":{},"path":"C:\\Git\\conjure_contracts\\contracts\\interfaces\\IConjure.sol","s":{},"b":{},"f":{},"fnMap":{},"statementMap":{},"branchMap":{}},
"contracts\\interfaces\\IConjureFactory.sol":{"l":{},"path":"C:\\Git\\conjure_contracts\\contracts\\interfaces\\IConjureFactory.sol","s":{},"b":{},"f":{},"fnMap":{},"statementMap":{},"branchMap":{}},
"contracts\\interfaces\\IEtherCollateral.sol":{"l":{},"path":"C:\\Git\\conjure_contracts\\contracts\\interfaces\\IEtherCollateral.sol","s":{},"b":{},"f":{},"fnMap":{},"statementMap":{},"branchMap":{}},
"contracts\\interfaces\\IEtherCollateralFactory.sol":{"l":{},"path":"C:\\Git\\conjure_contracts\\contracts\\interfaces\\IEtherCollateralFactory.sol","s":{},"b":{},"f":{},"fnMap":{},"statementMap":{},"branchMap":{}},
"contracts\\interfaces\\UniswapV2OracleInterface.sol":{"l":{},"path":"C:\\Git\\conjure_contracts\\contracts\\interfaces\\UniswapV2OracleInterface.sol","s":{},"b":{},"f":{},"fnMap":{},"statementMap":{},"branchMap":{}},
"contracts\\lib\\FixedPoint.sol":{"l":{"36":0,"41":0,"46":0,"47":0,"53":0,"54":0,"58":0,"64":0,"65":0,"70":0,"75":0,"80":0,"81":0},"path":"C:\\Git\\conjure_contracts\\contracts\\lib\\FixedPoint.sol","s":{"1":0,"2":0,"3":0,"4":0,"5":0,"6":0,"7":0,"8":0,"9":0,"10":0,"11":0,"12":0,"13":0},"b":{"1":[0,0],"2":[0,0],"3":[0,0],"4":[0,0]},"f":{"1":0,"2":0,"3":0,"4":0,"5":0,"6":0,"7":0,"8":0},"fnMap":{"1":{"name":"encode","line":35,"loc":{"start":{"line":35,"column":4},"end":{"line":37,"column":4}}},"2":{"name":"encode144","line":40,"loc":{"start":{"line":40,"column":4},"end":{"line":42,"column":4}}},"3":{"name":"div","line":45,"loc":{"start":{"line":45,"column":4},"end":{"line":48,"column":4}}},"4":{"name":"mul","line":52,"loc":{"start":{"line":52,"column":4},"end":{"line":59,"column":4}}},"5":{"name":"fraction","line":63,"loc":{"start":{"line":63,"column":4},"end":{"line":66,"column":4}}},"6":{"name":"decode","line":69,"loc":{"start":{"line":69,"column":4},"end":{"line":71,"column":4}}},"7":{"name":"decode144","line":74,"loc":{"start":{"line":74,"column":4},"end":{"line":76,"column":4}}},"8":{"name":"reciprocal","line":79,"loc":{"start":{"line":79,"column":4},"end":{"line":82,"column":4}}}},"statementMap":{"1":{"start":{"line":36,"column":8},"end":{"line":36,"column":50}},"2":{"start":{"line":41,"column":8},"end":{"line":41,"column":50}},"3":{"start":{"line":46,"column":8},"end":{"line":46,"column":49}},"4":{"start":{"line":47,"column":8},"end":{"line":47,"column":46}},"5":{"start":{"line":53,"column":8},"end":{"line":53,"column":14}},"6":{"start":{"line":54,"column":8},"end":{"line":54,"column":1889}},"7":{"start":{"line":58,"column":8},"end":{"line":58,"column":27}},"8":{"start":{"line":64,"column":8},"end":{"line":64,"column":58}},"9":{"start":{"line":65,"column":8},"end":{"line":65,"column":74}},"10":{"start":{"line":70,"column":8},"end":{"line":70,"column":45}},"11":{"start":{"line":75,"column":8},"end":{"line":75,"column":45}},"12":{"start":{"line":80,"column":8},"end":{"line":80,"column":59}},"13":{"start":{"line":81,"column":8},"end":{"line":81,"column":49}}},"branchMap":{"1":{"line":46,"type":"if","locations":[{"start":{"line":46,"column":8},"end":{"line":46,"column":8}},{"start":{"line":46,"column":8},"end":{"line":46,"column":8}}]},"2":{"line":54,"type":"if","locations":[{"start":{"line":54,"column":8},"end":{"line":54,"column":8}},{"start":{"line":54,"column":8},"end":{"line":54,"column":8}}]},"3":{"line":64,"type":"if","locations":[{"start":{"line":64,"column":8},"end":{"line":64,"column":8}},{"start":{"line":64,"column":8},"end":{"line":64,"column":8}}]},"4":{"line":80,"type":"if","locations":[{"start":{"line":80,"column":8},"end":{"line":80,"column":8}},{"start":{"line":80,"column":8},"end":{"line":80,"column":8}}]}}},
"contracts\\MockContracts\\ETHUSDOracle_MOCK.sol":{"l":{"12":18,"19":19,"22":3,"24":16,"26":19},"path":"C:\\Git\\conjure_contracts\\contracts\\MockContracts\\ETHUSDOracle_MOCK.sol","s":{"1":18,"2":19,"3":3,"4":16},"b":{"1":[3,16]},"f":{"1":18,"2":19},"fnMap":{"1":{"name":"constructor","line":11,"loc":{"start":{"line":11,"column":4},"end":{"line":13,"column":4}}},"2":{"name":"latestAnswer","line":15,"loc":{"start":{"line":15,"column":4},"end":{"line":27,"column":4}}}},"statementMap":{"1":{"start":{"line":12,"column":8},"end":{"line":12,"column":18}},"2":{"start":{"line":19,"column":8},"end":{"line":19,"column":431}},"3":{"start":{"line":22,"column":12},"end":{"line":22,"column":32}},"4":{"start":{"line":24,"column":12},"end":{"line":24,"column":32}}},"branchMap":{"1":{"line":19,"type":"if","locations":[{"start":{"line":19,"column":8},"end":{"line":19,"column":8}},{"start":{"line":19,"column":8},"end":{"line":19,"column":8}}]}}},
"contracts\\MockContracts\\PriceTestOracle_MOCK.sol":{"l":{"12":6,"19":11,"21":1,"23":2,"25":8,"27":11},"path":"C:\\Git\\conjure_contracts\\contracts\\MockContracts\\PriceTestOracle_MOCK.sol","s":{"1":6,"2":11,"3":1,"4":10,"5":2,"6":8},"b":{"1":[1,10],"2":[2,8]},"f":{"1":6,"2":11},"fnMap":{"1":{"name":"constructor","line":11,"loc":{"start":{"line":11,"column":4},"end":{"line":13,"column":4}}},"2":{"name":"latestAnswer","line":15,"loc":{"start":{"line":15,"column":4},"end":{"line":28,"column":4}}}},"statementMap":{"1":{"start":{"line":12,"column":8},"end":{"line":12,"column":18}},"2":{"start":{"line":19,"column":8},"end":{"line":19,"column":434}},"3":{"start":{"line":21,"column":12},"end":{"line":21,"column":21}},"4":{"start":{"line":22,"column":15},"end":{"line":22,"column":503}},"5":{"start":{"line":23,"column":12},"end":{"line":23,"column":32}},"6":{"start":{"line":25,"column":12},"end":{"line":25,"column":32}}},"branchMap":{"1":{"line":19,"type":"if","locations":[{"start":{"line":19,"column":8},"end":{"line":19,"column":8}},{"start":{"line":19,"column":8},"end":{"line":19,"column":8}}]},"2":{"line":22,"type":"if","locations":[{"start":{"line":22,"column":15},"end":{"line":22,"column":15}},{"start":{"line":22,"column":15},"end":{"line":22,"column":15}}]}}},
"contracts\\Owned.sol":{"l":{"9":18,"10":18,"11":18,"15":0,"16":0,"20":0,"21":0,"22":0,"23":0,"27":4,"28":4,"32":4},"path":"C:\\Git\\conjure_contracts\\contracts\\Owned.sol","s":{"1":18,"2":18,"3":18,"4":0,"5":0,"6":0,"7":0,"8":0,"9":0,"10":4,"11":4},"b":{"1":[18,0],"2":[0,0],"3":[4,0]},"f":{"1":18,"2":0,"3":0,"4":4,"5":4},"fnMap":{"1":{"name":"constructor","line":8,"loc":{"start":{"line":8,"column":4},"end":{"line":12,"column":4}}},"2":{"name":"nominateNewOwner","line":14,"loc":{"start":{"line":14,"column":4},"end":{"line":17,"column":4}}},"3":{"name":"acceptOwnership","line":19,"loc":{"start":{"line":19,"column":4},"end":{"line":24,"column":4}}},"4":{"name":"onlyOwner","line":26,"loc":{"start":{"line":26,"column":4},"end":{"line":29,"column":4}}},"5":{"name":"_onlyOwner","line":31,"loc":{"start":{"line":31,"column":4},"end":{"line":33,"column":4}}}},"statementMap":{"1":{"start":{"line":9,"column":8},"end":{"line":9,"column":65}},"2":{"start":{"line":10,"column":8},"end":{"line":10,"column":21}},"3":{"start":{"line":11,"column":8},"end":{"line":11,"column":45}},"4":{"start":{"line":15,"column":8},"end":{"line":15,"column":30}},"5":{"start":{"line":16,"column":8},"end":{"line":16,"column":35}},"6":{"start":{"line":20,"column":8},"end":{"line":20,"column":101}},"7":{"start":{"line":21,"column":8},"end":{"line":21,"column":48}},"8":{"start":{"line":22,"column":8},"end":{"line":22,"column":29}},"9":{"start":{"line":23,"column":8},"end":{"line":23,"column":34}},"10":{"start":{"line":27,"column":8},"end":{"line":27,"column":19}},"11":{"start":{"line":32,"column":8},"end":{"line":32,"column":86}}},"branchMap":{"1":{"line":9,"type":"if","locations":[{"start":{"line":9,"column":8},"end":{"line":9,"column":8}},{"start":{"line":9,"column":8},"end":{"line":9,"column":8}}]},"2":{"line":20,"type":"if","locations":[{"start":{"line":20,"column":8},"end":{"line":20,"column":8}},{"start":{"line":20,"column":8},"end":{"line":20,"column":8}}]},"3":{"line":32,"type":"if","locations":[{"start":{"line":32,"column":8},"end":{"line":32,"column":8}},{"start":{"line":32,"column":8},"end":{"line":32,"column":8}}]}}},
"contracts\\SafeDecimalMath.sol":{"l":{"27":41,"34":0,"48":64,"69":0,"71":0,"72":0,"75":0,"91":0,"107":0,"121":35,"137":31,"139":31,"140":29,"143":31,"155":31,"167":0,"174":0,"181":0,"183":0,"184":0,"187":0},"path":"C:\\Git\\conjure_contracts\\contracts\\SafeDecimalMath.sol","s":{"1":41,"2":0,"3":64,"4":0,"5":0,"6":0,"7":0,"8":0,"9":0,"10":35,"11":31,"12":31,"13":29,"14":31,"15":31,"16":0,"17":0,"18":0,"19":0,"20":0,"21":0},"b":{"1":[0,0],"2":[29,2],"3":[0,0]},"f":{"1":41,"2":0,"3":64,"4":0,"5":0,"6":0,"7":35,"8":31,"9":31,"10":0,"11":0,"12":0},"fnMap":{"1":{"name":"unit","line":26,"loc":{"start":{"line":26,"column":4},"end":{"line":28,"column":4}}},"2":{"name":"preciseUnit","line":33,"loc":{"start":{"line":33,"column":4},"end":{"line":35,"column":4}}},"3":{"name":"multiplyDecimal","line":46,"loc":{"start":{"line":46,"column":4},"end":{"line":49,"column":4}}},"4":{"name":"_multiplyDecimalRound","line":63,"loc":{"start":{"line":63,"column":4},"end":{"line":76,"column":4}}},"5":{"name":"multiplyDecimalRoundPrecise","line":90,"loc":{"start":{"line":90,"column":4},"end":{"line":92,"column":4}}},"6":{"name":"multiplyDecimalRound","line":106,"loc":{"start":{"line":106,"column":4},"end":{"line":108,"column":4}}},"7":{"name":"divideDecimal","line":119,"loc":{"start":{"line":119,"column":4},"end":{"line":122,"column":4}}},"8":{"name":"_divideDecimalRound","line":132,"loc":{"start":{"line":132,"column":4},"end":{"line":144,"column":4}}},"9":{"name":"divideDecimalRound","line":154,"loc":{"start":{"line":154,"column":4},"end":{"line":156,"column":4}}},"10":{"name":"divideDecimalRoundPrecise","line":166,"loc":{"start":{"line":166,"column":4},"end":{"line":168,"column":4}}},"11":{"name":"decimalToPreciseDecimal","line":173,"loc":{"start":{"line":173,"column":4},"end":{"line":175,"column":4}}},"12":{"name":"preciseDecimalToDecimal","line":180,"loc":{"start":{"line":180,"column":4},"end":{"line":188,"column":4}}}},"statementMap":{"1":{"start":{"line":27,"column":8},"end":{"line":27,"column":19}},"2":{"start":{"line":34,"column":8},"end":{"line":34,"column":27}},"3":{"start":{"line":48,"column":8},"end":{"line":48,"column":30}},"4":{"start":{"line":69,"column":8},"end":{"line":69,"column":63}},"5":{"start":{"line":71,"column":8},"end":{"line":71,"column":2634}},"6":{"start":{"line":72,"column":12},"end":{"line":72,"column":33}},"7":{"start":{"line":75,"column":8},"end":{"line":75,"column":36}},"8":{"start":{"line":91,"column":8},"end":{"line":91,"column":56}},"9":{"start":{"line":107,"column":8},"end":{"line":107,"column":48}},"10":{"start":{"line":121,"column":8},"end":{"line":121,"column":33}},"11":{"start":{"line":137,"column":8},"end":{"line":137,"column":62}},"12":{"start":{"line":139,"column":8},"end":{"line":139,"column":5487}},"13":{"start":{"line":140,"column":12},"end":{"line":140,"column":31}},"14":{"start":{"line":143,"column":8},"end":{"line":143,"column":34}},"15":{"start":{"line":155,"column":8},"end":{"line":155,"column":46}},"16":{"start":{"line":167,"column":8},"end":{"line":167,"column":54}},"17":{"start":{"line":174,"column":8},"end":{"line":174,"column":62}},"18":{"start":{"line":181,"column":8},"end":{"line":181,"column":83}},"19":{"start":{"line":183,"column":8},"end":{"line":183,"column":7191}},"20":{"start":{"line":184,"column":12},"end":{"line":184,"column":33}},"21":{"start":{"line":187,"column":8},"end":{"line":187,"column":36}}},"branchMap":{"1":{"line":71,"type":"if","locations":[{"start":{"line":71,"column":8},"end":{"line":71,"column":8}},{"start":{"line":71,"column":8},"end":{"line":71,"column":8}}]},"2":{"line":139,"type":"if","locations":[{"start":{"line":139,"column":8},"end":{"line":139,"column":8}},{"start":{"line":139,"column":8},"end":{"line":139,"column":8}}]},"3":{"line":183,"type":"if","locations":[{"start":{"line":183,"column":8},"end":{"line":183,"column":8}},{"start":{"line":183,"column":8},"end":{"line":183,"column":8}}]}}}}
