TN:
SF:C:\Git\conjure_contracts\contracts\CNJ.sol
FN:85,constructor
FN:101,setMinter
FN:112,mint
FN:133,allowance
FN:141,approve
FN:155,permit
FN:202,balanceOf
FN:206,nonceOf
FN:210,transfer
FN:216,transferFrom
FN:240,delegate
FN:244,delegateBySig
FN:273,getCurrentVotes
FN:278,getPriorVotes
FN:317,_delegate
FN:327,_transferTokens
FN:356,_moveDelegates
FN:390,_writeCheckpoint
FN:414,safe32
FN:423,safe96
FN:432,add96
FN:442,sub96
FN:451,getChainId
FNF:23
FNH:0
FNDA:0,constructor
FNDA:0,setMinter
FNDA:0,mint
FNDA:0,allowance
FNDA:0,approve
FNDA:0,permit
FNDA:0,balanceOf
FNDA:0,nonceOf
FNDA:0,transfer
FNDA:0,transferFrom
FNDA:0,delegate
FNDA:0,delegateBySig
FNDA:0,getCurrentVotes
FNDA:0,getPriorVotes
FNDA:0,_delegate
FNDA:0,_transferTokens
FNDA:0,_moveDelegates
FNDA:0,_writeCheckpoint
FNDA:0,safe32
FNDA:0,safe96
FNDA:0,add96
FNDA:0,sub96
FNDA:0,getChainId
DA:86,0
DA:90,0
DA:91,0
DA:92,0
DA:93,0
DA:94,0
DA:102,0
DA:103,0
DA:104,0
DA:113,0
DA:114,0
DA:115,0
DA:118,0
DA:121,0
DA:122,0
DA:123,0
DA:126,0
DA:127,0
DA:130,0
DA:138,0
DA:142,0
DA:143,0
DA:144,0
DA:146,0
DA:149,0
DA:151,0
DA:152,0
DA:164,0
DA:165,0
DA:166,0
DA:168,0
DA:171,0
DA:179,0
DA:189,0
DA:192,0
DA:193,0
DA:194,0
DA:195,0
DA:197,0
DA:199,0
DA:203,0
DA:207,0
DA:211,0
DA:212,0
DA:213,0
DA:221,0
DA:222,0
DA:223,0
DA:225,0
DA:226,0
DA:231,0
DA:233,0
DA:236,0
DA:237,0
DA:241,0
DA:252,0
DA:260,0
DA:263,0
DA:266,0
DA:267,0
DA:268,0
DA:269,0
DA:270,0
DA:274,0
DA:275,0
DA:283,0
DA:288,0
DA:289,0
DA:290,0
DA:293,0
DA:294,0
DA:297,0
DA:298,0
DA:301,0
DA:302,0
DA:303,0
DA:304,0
DA:305,0
DA:306,0
DA:307,0
DA:309,0
DA:311,0
DA:314,0
DA:318,0
DA:319,0
DA:320,0
DA:322,0
DA:324,0
DA:332,0
DA:336,0
DA:341,0
DA:346,0
DA:351,0
DA:353,0
DA:361,0
DA:362,0
DA:363,0
DA:364,0
DA:367,0
DA:372,0
DA:375,0
DA:376,0
DA:377,0
DA:380,0
DA:385,0
DA:396,0
DA:401,0
DA:405,0
DA:407,0
DA:408,0
DA:411,0
DA:419,0
DA:420,0
DA:428,0
DA:429,0
DA:437,0
DA:438,0
DA:439,0
DA:447,0
DA:448,0
DA:452,0
DA:453,0
DA:456,0
LF:123
LH:0
BRDA:86,1,0,0
BRDA:86,1,1,0
BRDA:102,2,0,0
BRDA:102,2,1,0
BRDA:113,3,0,0
BRDA:113,3,1,0
BRDA:114,4,0,0
BRDA:114,4,1,0
BRDA:115,5,0,0
BRDA:115,5,1,0
BRDA:122,6,0,0
BRDA:122,6,1,0
BRDA:143,7,0,0
BRDA:143,7,1,0
BRDA:165,8,0,0
BRDA:165,8,1,0
BRDA:193,9,0,0
BRDA:193,9,1,0
BRDA:194,10,0,0
BRDA:194,10,1,0
BRDA:195,11,0,0
BRDA:195,11,1,0
BRDA:225,12,0,0
BRDA:225,12,1,0
BRDA:267,13,0,0
BRDA:267,13,1,0
BRDA:268,14,0,0
BRDA:268,14,1,0
BRDA:269,15,0,0
BRDA:269,15,1,0
BRDA:283,16,0,0
BRDA:283,16,1,0
BRDA:289,17,0,0
BRDA:289,17,1,0
BRDA:293,18,0,0
BRDA:293,18,1,0
BRDA:297,19,0,0
BRDA:297,19,1,0
BRDA:306,20,0,0
BRDA:306,20,1,0
BRDA:308,21,0,0
BRDA:308,21,1,0
BRDA:332,22,0,0
BRDA:332,22,1,0
BRDA:336,23,0,0
BRDA:336,23,1,0
BRDA:361,24,0,0
BRDA:361,24,1,0
BRDA:362,25,0,0
BRDA:362,25,1,0
BRDA:375,26,0,0
BRDA:375,26,1,0
BRDA:401,27,0,0
BRDA:401,27,1,0
BRDA:419,28,0,0
BRDA:419,28,1,0
BRDA:428,29,0,0
BRDA:428,29,1,0
BRDA:438,30,0,0
BRDA:438,30,1,0
BRDA:447,31,0,0
BRDA:447,31,1,0
BRF:62
BRH:0
end_of_record
TN:
SF:C:\Git\conjure_contracts\contracts\ConjureFactory.sol
FN:117,constructor
FN:158,init
FN:224,burn
FN:235,mint
FN:246,_internalIssue
FN:260,_internalBurn
FN:273,changeOwner
FN:282,collectFees
FN:293,getLatestPrice
FN:308,getLatestETHUSDPrice
FN:330,quickSort
FN:356,getAverage
FN:381,sort
FN:392,sqrt
FN:411,getLatestPrice
FN:420,getPrice
FN:450,getInternalPrice
FN:594,
FN:601,name
FN:609,symbol
FN:622,decimals
FN:629,totalSupply
FN:636,balanceOf
FN:648,transfer
FN:657,allowance
FN:673,approve
FN:694,transferFrom
FN:725,_approve
FN:739,_transfer
FN:772,constructor
FN:781,getFactoryOwner
FN:795,ConjureMint
FN:823,newFactoryOwner
FNF:33
FNH:26
FNDA:34,constructor
FNDA:15,init
FNDA:5,burn
FNDA:10,mint
FNDA:9,_internalIssue
FNDA:4,_internalBurn
FNDA:2,changeOwner
FNDA:2,collectFees
FNDA:20,getLatestPrice
FNDA:32,getLatestETHUSDPrice
FNDA:48,quickSort
FNDA:20,getAverage
FNDA:48,sort
FNDA:0,sqrt
FNDA:22,getLatestPrice
FNDA:49,getPrice
FNDA:49,getInternalPrice
FNDA:0,
FNDA:1,name
FNDA:1,symbol
FNDA:0,decimals
FNDA:1,totalSupply
FNDA:9,balanceOf
FNDA:1,transfer
FNDA:0,allowance
FNDA:0,approve
FNDA:0,transferFrom
FNDA:0,_approve
FNDA:1,_transfer
FNDA:12,constructor
FNDA:3,getFactoryOwner
FNDA:1,ConjureMint
FNDA:2,newFactoryOwner
DA:126,34
DA:127,34
DA:128,34
DA:129,34
DA:130,34
DA:132,34
DA:133,34
DA:135,34
DA:136,34
DA:138,34
DA:173,15
DA:174,15
DA:175,15
DA:178,14
DA:186,12
DA:187,12
DA:188,12
DA:189,12
DA:191,12
DA:194,12
DA:195,14
DA:196,14
DA:197,14
DA:198,13
DA:199,13
DA:200,13
DA:201,13
DA:202,13
DA:203,13
DA:205,13
DA:206,13
DA:210,11
DA:211,5
DA:214,11
DA:215,11
DA:225,5
DA:226,4
DA:236,10
DA:237,9
DA:247,9
DA:248,9
DA:250,9
DA:251,9
DA:261,4
DA:262,4
DA:264,4
DA:265,4
DA:274,2
DA:275,1
DA:276,1
DA:283,2
DA:284,1
DA:294,20
DA:300,20
DA:309,32
DA:310,32
DA:317,32
DA:318,32
DA:320,32
DA:331,48
DA:332,48
DA:333,48
DA:334,2
DA:335,2
DA:336,2
DA:337,2
DA:338,2
DA:339,2
DA:340,2
DA:341,2
DA:344,2
DA:345,0
DA:346,2
DA:347,0
DA:357,20
DA:360,20
DA:361,22
DA:364,20
DA:365,1
DA:368,19
DA:369,0
DA:372,19
DA:382,48
DA:383,48
DA:393,0
DA:394,0
DA:395,0
DA:396,0
DA:397,0
DA:398,0
DA:401,0
DA:412,22
DA:421,49
DA:426,48
DA:427,14
DA:428,2
DA:430,12
DA:434,48
DA:435,48
DA:438,48
DA:439,2
DA:442,48
DA:451,49
DA:453,48
DA:455,48
DA:458,50
DA:459,20
DA:460,20
DA:461,20
DA:464,20
DA:465,20
DA:469,20
DA:470,0
DA:475,50
DA:477,0
DA:479,0
DA:483,0
DA:486,0
DA:492,0
DA:495,0
DA:498,0
DA:499,0
DA:500,0
DA:504,0
DA:505,0
DA:509,0
DA:510,0
DA:514,0
DA:516,0
DA:518,0
DA:519,0
DA:524,50
DA:525,30
DA:526,30
DA:527,30
DA:528,30
DA:530,30
DA:532,30
DA:533,0
DA:535,30
DA:538,30
DA:539,30
DA:541,30
DA:542,30
DA:545,30
DA:546,30
DA:550,30
DA:551,20
DA:556,48
DA:559,48
DA:560,29
DA:563,29
DA:564,28
DA:566,28
DA:569,1
DA:570,1
DA:572,1
DA:573,1
DA:575,1
DA:576,1
DA:577,1
DA:579,1
DA:584,19
DA:602,1
DA:610,1
DA:623,0
DA:630,1
DA:637,9
DA:649,1
DA:650,1
DA:651,1
DA:663,0
DA:678,0
DA:679,0
DA:695,0
DA:696,0
DA:697,0
DA:699,0
DA:700,0
DA:705,0
DA:708,0
DA:709,0
DA:732,0
DA:733,0
DA:735,0
DA:736,0
DA:746,1
DA:747,1
DA:748,1
DA:752,1
DA:753,1
DA:773,12
DA:782,3
DA:805,1
DA:814,1
DA:815,1
DA:824,2
DA:825,1
DA:826,1
LF:199
LH:154
BRDA:173,1,0,15
BRDA:173,1,1,0
BRDA:174,2,0,15
BRDA:174,2,1,0
BRDA:175,3,0,14
BRDA:175,3,1,1
BRDA:205,4,0,13
BRDA:205,4,1,0
BRDA:210,5,0,5
BRDA:210,5,1,6
BRDA:211,6,0,5
BRDA:211,6,1,0
BRDA:225,7,0,4
BRDA:225,7,1,1
BRDA:236,8,0,9
BRDA:236,8,1,1
BRDA:274,9,0,1
BRDA:274,9,1,1
BRDA:283,10,0,1
BRDA:283,10,1,1
BRDA:333,11,0,46
BRDA:333,11,1,2
BRDA:338,12,0,2
BRDA:338,12,1,0
BRDA:344,13,0,0
BRDA:344,13,1,2
BRDA:346,14,0,0
BRDA:346,14,1,2
BRDA:364,15,0,1
BRDA:364,15,1,19
BRDA:368,16,0,0
BRDA:368,16,1,19
BRDA:393,17,0,0
BRDA:393,17,1,0
BRDA:400,18,0,0
BRDA:400,18,1,0
BRDA:426,19,0,14
BRDA:426,19,1,34
BRDA:427,20,0,2
BRDA:427,20,1,12
BRDA:438,21,0,2
BRDA:438,21,1,46
BRDA:451,22,0,48
BRDA:451,22,1,1
BRDA:458,23,0,20
BRDA:458,23,1,30
BRDA:464,24,0,20
BRDA:464,24,1,0
BRDA:469,25,0,0
BRDA:469,25,1,20
BRDA:475,26,0,0
BRDA:475,26,1,50
BRDA:477,27,0,0
BRDA:477,27,1,0
BRDA:498,28,0,0
BRDA:498,28,1,0
BRDA:504,29,0,0
BRDA:504,29,1,0
BRDA:509,30,0,0
BRDA:509,30,1,0
BRDA:514,31,0,0
BRDA:514,31,1,0
BRDA:524,32,0,30
BRDA:524,32,1,20
BRDA:532,33,0,0
BRDA:532,33,1,30
BRDA:539,34,0,30
BRDA:539,34,1,0
BRDA:545,35,0,30
BRDA:545,35,1,0
BRDA:550,36,0,20
BRDA:550,36,1,10
BRDA:559,37,0,29
BRDA:559,37,1,19
BRDA:563,38,0,28
BRDA:563,38,1,1
BRDA:699,39,0,0
BRDA:699,39,1,0
BRDA:732,40,0,0
BRDA:732,40,1,0
BRDA:733,41,0,0
BRDA:733,41,1,0
BRDA:746,42,0,1
BRDA:746,42,1,0
BRDA:747,43,0,1
BRDA:747,43,1,0
BRDA:824,44,0,1
BRDA:824,44,1,1
BRF:88
BRH:52
end_of_record
TN:
SF:C:\Git\conjure_contracts\contracts\EtherCollateralFactory.sol
FN:107,constructor
FN:131,setIssueFeeRate
FN:149,setAccountLoanLimit
FN:160,setAssetClosed
FN:179,getContractInfo
FN:208,issuanceRatio
FN:219,loanAmountFromCollateral
FN:235,collateralAmountForLoan
FN:252,getMintingFee
FN:274,calculateAmountToLiquidate
FN:290,openLoanIDsByAccount
FN:326,getLoan
FN:356,getLoanCollateralRatio
FN:370,_loanCollateralRatio
FN:396,openLoan
FN:463,closeLoan
FN:473,depositCollateral
FN:499,withdrawCollateral
FN:531,repayLoan
FN:570,liquidateLoan
FN:657,_closeLoan
FN:702,_getLoanFromStorage
FN:717,_updateLoan
FN:737,_updateLoanCollateral
FN:755,_recordLoanClosure
FN:774,_incrementTotalLoansCounter
FN:790,_calculateMintingFee
FN:803,_checkLoanIsOpen
FN:813,syntharb
FN:845,constructor
FN:857,EtherCollateralMint
FNF:31
FNH:31
FNDA:18,constructor
FNDA:3,setIssueFeeRate
FNDA:1,setAccountLoanLimit
FNDA:3,setAssetClosed
FNDA:1,getContractInfo
FNDA:12,issuanceRatio
FNDA:10,loanAmountFromCollateral
FNDA:9,collateralAmountForLoan
FNDA:1,getMintingFee
FNDA:4,calculateAmountToLiquidate
FNDA:1,openLoanIDsByAccount
FNDA:5,getLoan
FNDA:7,getLoanCollateralRatio
FNDA:11,_loanCollateralRatio
FNDA:11,openLoan
FNDA:3,closeLoan
FNDA:1,depositCollateral
FNDA:2,withdrawCollateral
FNDA:1,repayLoan
FNDA:3,liquidateLoan
FNDA:3,_closeLoan
FNDA:22,_getLoanFromStorage
FNDA:2,_updateLoan
FNDA:4,_updateLoanCollateral
FNDA:3,_recordLoanClosure
FNDA:9,_incrementTotalLoansCounter
FNDA:9,_calculateMintingFee
FNDA:9,_checkLoanIsOpen
FNDA:20,syntharb
FNDA:15,constructor
FNDA:18,EtherCollateralMint
DA:109,18
DA:110,18
DA:113,18
DA:116,17
DA:117,15
DA:119,13
DA:120,13
DA:121,13
DA:133,3
DA:136,2
DA:137,2
DA:139,1
DA:140,1
DA:150,1
DA:151,1
DA:152,1
DA:161,3
DA:162,2
DA:163,2
DA:193,1
DA:194,1
DA:195,1
DA:196,1
DA:197,1
DA:198,1
DA:199,1
DA:200,1
DA:210,12
DA:220,10
DA:221,10
DA:223,10
DA:236,9
DA:237,9
DA:239,9
DA:254,1
DA:255,1
DA:275,4
DA:276,4
DA:278,4
DA:279,4
DA:281,4
DA:291,1
DA:293,1
DA:294,1
DA:296,1
DA:297,1
DA:298,1
DA:299,1
DA:303,1
DA:306,1
DA:307,1
DA:310,1
DA:339,5
DA:340,5
DA:341,5
DA:342,5
DA:343,5
DA:344,5
DA:345,5
DA:346,5
DA:358,7
DA:360,7
DA:378,11
DA:380,11
DA:381,11
DA:399,11
DA:401,10
DA:407,10
DA:410,10
DA:414,10
DA:416,9
DA:417,9
DA:418,9
DA:421,9
DA:424,9
DA:435,9
DA:438,9
DA:441,9
DA:444,9
DA:446,1
DA:448,1
DA:449,1
DA:453,9
DA:464,3
DA:475,1
DA:476,1
DA:479,1
DA:482,1
DA:484,1
DA:486,1
DA:489,1
DA:500,2
DA:503,2
DA:506,2
DA:508,2
DA:510,2
DA:513,2
DA:515,2
DA:518,1
DA:521,1
DA:537,1
DA:539,1
DA:542,1
DA:544,1
DA:547,1
DA:550,1
DA:553,1
DA:555,1
DA:572,3
DA:574,2
DA:577,2
DA:579,2
DA:582,2
DA:583,2
DA:585,2
DA:590,1
DA:596,1
DA:599,1
DA:602,1
DA:605,1
DA:608,1
DA:611,1
DA:616,1
DA:619,1
DA:622,1
DA:625,1
DA:628,1
DA:629,0
DA:631,0
DA:638,1
DA:663,3
DA:666,3
DA:669,3
DA:671,3
DA:672,3
DA:674,3
DA:680,2
DA:683,2
DA:686,2
DA:689,2
DA:692,2
DA:703,22
DA:704,22
DA:705,59
DA:706,22
DA:722,2
DA:723,2
DA:724,4
DA:725,2
DA:741,4
DA:742,4
DA:743,15
DA:744,4
DA:745,4
DA:757,3
DA:758,3
DA:759,4
DA:761,3
DA:766,3
DA:776,9
DA:778,9
DA:780,9
DA:791,9
DA:792,8
DA:794,1
DA:804,9
DA:805,9
DA:814,20
DA:864,18
DA:872,13
DA:873,13
LF:171
LH:169
BRDA:113,1,0,17
BRDA:113,1,1,1
BRDA:116,2,0,15
BRDA:116,2,1,2
BRDA:117,3,0,13
BRDA:117,3,1,2
BRDA:133,4,0,2
BRDA:133,4,1,1
BRDA:137,5,0,1
BRDA:137,5,1,1
BRDA:150,6,0,1
BRDA:150,6,1,0
BRDA:161,7,0,2
BRDA:161,7,1,1
BRDA:297,8,0,1
BRDA:297,8,1,0
BRDA:399,9,0,10
BRDA:399,9,1,1
BRDA:401,10,0,10
BRDA:401,10,1,0
BRDA:407,11,0,10
BRDA:407,11,1,0
BRDA:414,12,0,9
BRDA:414,12,1,1
BRDA:418,13,0,9
BRDA:418,13,1,0
BRDA:444,14,0,1
BRDA:444,14,1,8
BRDA:475,15,0,1
BRDA:475,15,1,0
BRDA:476,16,0,1
BRDA:476,16,1,0
BRDA:500,17,0,2
BRDA:500,17,1,0
BRDA:515,18,0,1
BRDA:515,18,1,1
BRDA:537,19,0,1
BRDA:537,19,1,0
BRDA:572,20,0,2
BRDA:572,20,1,1
BRDA:585,21,0,1
BRDA:585,21,1,1
BRDA:628,22,0,0
BRDA:628,22,1,1
BRDA:671,23,0,3
BRDA:671,23,1,0
BRDA:674,24,0,2
BRDA:674,24,1,1
BRDA:705,25,0,22
BRDA:705,25,1,37
BRDA:724,26,0,2
BRDA:724,26,1,2
BRDA:743,27,0,4
BRDA:743,27,1,11
BRDA:759,28,0,3
BRDA:759,28,1,1
BRDA:791,29,0,8
BRDA:791,29,1,1
BRDA:804,30,0,9
BRDA:804,30,1,0
BRDA:805,31,0,9
BRDA:805,31,1,0
BRF:62
BRH:49
end_of_record
TN:
SF:C:\Git\conjure_contracts\contracts\interfaces\IConjure.sol
FNF:0
FNH:0
LF:0
LH:0
BRF:0
BRH:0
end_of_record
TN:
SF:C:\Git\conjure_contracts\contracts\interfaces\IConjureFactory.sol
FNF:0
FNH:0
LF:0
LH:0
BRF:0
BRH:0
end_of_record
TN:
SF:C:\Git\conjure_contracts\contracts\interfaces\IEtherCollateral.sol
FNF:0
FNH:0
LF:0
LH:0
BRF:0
BRH:0
end_of_record
TN:
SF:C:\Git\conjure_contracts\contracts\interfaces\IEtherCollateralFactory.sol
FNF:0
FNH:0
LF:0
LH:0
BRF:0
BRH:0
end_of_record
TN:
SF:C:\Git\conjure_contracts\contracts\interfaces\UniswapV2OracleInterface.sol
FNF:0
FNH:0
LF:0
LH:0
BRF:0
BRH:0
end_of_record
TN:
SF:C:\Git\conjure_contracts\contracts\lib\FixedPoint.sol
FN:35,encode
FN:40,encode144
FN:45,div
FN:52,mul
FN:63,fraction
FN:69,decode
FN:74,decode144
FN:79,reciprocal
FNF:8
FNH:0
FNDA:0,encode
FNDA:0,encode144
FNDA:0,div
FNDA:0,mul
FNDA:0,fraction
FNDA:0,decode
FNDA:0,decode144
FNDA:0,reciprocal
DA:36,0
DA:41,0
DA:46,0
DA:47,0
DA:53,0
DA:54,0
DA:58,0
DA:64,0
DA:65,0
DA:70,0
DA:75,0
DA:80,0
DA:81,0
LF:13
LH:0
BRDA:46,1,0,0
BRDA:46,1,1,0
BRDA:54,2,0,0
BRDA:54,2,1,0
BRDA:64,3,0,0
BRDA:64,3,1,0
BRDA:80,4,0,0
BRDA:80,4,1,0
BRF:8
BRH:0
end_of_record
TN:
SF:C:\Git\conjure_contracts\contracts\MockContracts\ETHUSDOracle_MOCK.sol
FN:11,constructor
FN:15,latestAnswer
FNF:2
FNH:2
FNDA:18,constructor
FNDA:19,latestAnswer
DA:12,18
DA:19,19
DA:22,3
DA:24,16
DA:26,19
LF:5
LH:5
BRDA:19,1,0,3
BRDA:19,1,1,16
BRF:2
BRH:2
end_of_record
TN:
SF:C:\Git\conjure_contracts\contracts\MockContracts\PriceTestOracle_MOCK.sol
FN:11,constructor
FN:15,latestAnswer
FNF:2
FNH:2
FNDA:6,constructor
FNDA:11,latestAnswer
DA:12,6
DA:19,11
DA:21,1
DA:23,2
DA:25,8
DA:27,11
LF:6
LH:6
BRDA:19,1,0,1
BRDA:19,1,1,10
BRDA:22,2,0,2
BRDA:22,2,1,8
BRF:4
BRH:4
end_of_record
TN:
SF:C:\Git\conjure_contracts\contracts\Owned.sol
FN:8,constructor
FN:14,nominateNewOwner
FN:19,acceptOwnership
FN:26,onlyOwner
FN:31,_onlyOwner
FNF:5
FNH:3
FNDA:18,constructor
FNDA:0,nominateNewOwner
FNDA:0,acceptOwnership
FNDA:4,onlyOwner
FNDA:4,_onlyOwner
DA:9,18
DA:10,18
DA:11,18
DA:15,0
DA:16,0
DA:20,0
DA:21,0
DA:22,0
DA:23,0
DA:27,4
DA:28,4
DA:32,4
LF:12
LH:6
BRDA:9,1,0,18
BRDA:9,1,1,0
BRDA:20,2,0,0
BRDA:20,2,1,0
BRDA:32,3,0,4
BRDA:32,3,1,0
BRF:6
BRH:2
end_of_record
TN:
SF:C:\Git\conjure_contracts\contracts\SafeDecimalMath.sol
FN:26,unit
FN:33,preciseUnit
FN:46,multiplyDecimal
FN:63,_multiplyDecimalRound
FN:90,multiplyDecimalRoundPrecise
FN:106,multiplyDecimalRound
FN:119,divideDecimal
FN:132,_divideDecimalRound
FN:154,divideDecimalRound
FN:166,divideDecimalRoundPrecise
FN:173,decimalToPreciseDecimal
FN:180,preciseDecimalToDecimal
FNF:12
FNH:5
FNDA:41,unit
FNDA:0,preciseUnit
FNDA:64,multiplyDecimal
FNDA:0,_multiplyDecimalRound
FNDA:0,multiplyDecimalRoundPrecise
FNDA:0,multiplyDecimalRound
FNDA:35,divideDecimal
FNDA:31,_divideDecimalRound
FNDA:31,divideDecimalRound
FNDA:0,divideDecimalRoundPrecise
FNDA:0,decimalToPreciseDecimal
FNDA:0,preciseDecimalToDecimal
DA:27,41
DA:34,0
DA:48,64
DA:69,0
DA:71,0
DA:72,0
DA:75,0
DA:91,0
DA:107,0
DA:121,35
DA:137,31
DA:139,31
DA:140,29
DA:143,31
DA:155,31
DA:167,0
DA:174,0
DA:181,0
DA:183,0
DA:184,0
DA:187,0
LF:21
LH:8
BRDA:71,1,0,0
BRDA:71,1,1,0
BRDA:139,2,0,29
BRDA:139,2,1,2
BRDA:183,3,0,0
BRDA:183,3,1,0
BRF:6
BRH:2
end_of_record
